#
# A fatal error has been detected by the Java Runtime Environment:
#
#  SIGSEGV (0xb) at pc=0x0000000104846d7c, pid=57831, tid=18691
#
# JRE version: Java(TM) SE Runtime Environment (8.0_73-b02) (build 1.8.0_73-b02)
# Java VM: Java HotSpot(TM) 64-Bit Server VM (25.73-b02 mixed mode bsd-amd64 compressed oops)
# Problematic frame:
# V  [libjvm.dylib+0x446d7c]  Method::checked_resolve_jmethod_id(_jmethodID*)+0xe
#
# Failed to write core dump. Core dumps have been disabled. To enable core dumping, try "ulimit -c unlimited" before starting Java again
#
# If you would like to submit a bug report, please visit:
#   http://bugreport.java.com/bugreport/crash.jsp
#

---------------  T H R E A D  ---------------

Current thread (0x00007ff8fd005800):  JavaThread "JDWP Transport Listener: dt_socket" daemon [_thread_in_vm, id=18691, stack(0x0000000122a75000,0x0000000122b75000)]

siginfo: si_signo: 11 (SIGSEGV), si_code: 0 (unknown), si_addr: 0x0000000000000000

Registers:
RAX=0x0000000000000001, RBX=0x0000000122b74a8b, RCX=0x0000000104c15340, RDX=0x0000000122b74a8b
RSP=0x0000000122b749d0, RBP=0x0000000122b749e0, RSI=0x00007ff8fd005800, RDI=0x4f42442e62640002
R8 =0x0000000000000003, R9 =0x00007ff8fb500000, R10=0x0000000000000030, R11=0x00007ff8fb500000
R12=0x00007ff8fd005800, R13=0x4f42442e62640002, R14=0x4f42442e62640002, R15=0x00007ff8f9e0db60
RIP=0x0000000104846d7c, EFLAGS=0x0000000000010202, ERR=0x0000000000000000
  TRAPNO=0x000000000000000d

Top of Stack: (sp=0x0000000122b749d0)
0x0000000122b749d0:   0000000122b74a8b 0000000122b74a8b
0x0000000122b749e0:   0000000122b74a40 0000000104755dda
0x0000000122b749f0:   00007ff8fd005800 0000000000000000
0x0000000122b74a00:   0000000000000000 0000000000000000
0x0000000122b74a10:   00007ff8fd005800 00007ff8fd005800
0x0000000122b74a20:   0000000122b74a8b 0000000122b74a90
0x0000000122b74a30:   4f42442e62640002 0000000000000002
0x0000000122b74a40:   0000000122b74a60 0000000103399780
0x0000000122b74a50:   0000000000000001 0000000122b74b08
0x0000000122b74a60:   0000000122b74ad0 000000010337e1f3
0x0000000122b74a70:   0000000122b74aa0 00007ff8fb54c860
0x0000000122b74a80:   0000000300000032 0000000100b74b08
0x0000000122b74a90:   0000000000000000 0000000000000000
0x0000000122b74aa0:   0000000000000000 0000000122b74c90
0x0000000122b74ab0:   00000001033a0e7a 00007ff8fb4475c0
0x0000000122b74ac0:   0000000122b74b08 00000001033ac598
0x0000000122b74ad0:   0000000122b74ae0 000000010337e2ec
0x0000000122b74ae0:   0000000122b74d00 0000000103387898
0x0000000122b74af0:   00006b5900000013 00000000000f0200
0x0000000122b74b00:   00007ff8fb472f90 0000000122b74c1e
0x0000000122b74b10:   00007ff800000066 0000000122b74b20
0x0000000122b74b20:   00007ff8000000c6 0000000122b74b58
0x0000000122b74b30:   0000000000000000 00007f0000000000
0x0000000122b74b40:   00006b5900000029 00007fff0000b780
0x0000000122b74b50:   0000000122b74b58 f87f000003000000
0x0000000122b74b60:   08000000d83931fb 30246164626d616c
0x0000000122b74b70:   616a4c2829000000 522f6c71732f6176
0x0000000122b74b80:   746553746c757365 6176616a4c29493b
0x0000000122b74b90:   624f2f676e616c2f 0000003b7463656a
0x0000000122b74ba0:   7f00000a1000f000 000000c03931fbf8
0x0000000122b74bb0:   0000797265757105 6176616a4c282400
0x0000000122b74bc0:   74532f676e616c2f 6a4c293b676e6972 

Instructions: (pc=0x0000000104846d7c)
0x0000000104846d5c:   40 48 48 85 c0 75 e0 30 c0 0f b6 c0 5d c3 31 c0
0x0000000104846d6c:   5d c3 55 48 89 e5 53 48 83 ec 08 48 85 ff 74 24
0x0000000104846d7c:   48 8b 1f 48 85 db 74 1c 48 83 fb 37 74 16 48 8b
0x0000000104846d8c:   03 48 89 df ff 50 10 84 c0 b8 00 00 00 00 48 0f 

Register to memory mapping:

RAX=0x0000000000000001 is an unknown value
RBX=0x0000000122b74a8b is pointing into the stack for thread: 0x00007ff8fd005800
RCX=0x0000000104c15340: UseMembar+0 in /Library/Java/JavaVirtualMachines/jdk1.8.0_73.jdk/Contents/Home/jre/lib/server/libjvm.dylib at 0x0000000104400000
RDX=0x0000000122b74a8b is pointing into the stack for thread: 0x00007ff8fd005800
RSP=0x0000000122b749d0 is pointing into the stack for thread: 0x00007ff8fd005800
RBP=0x0000000122b749e0 is pointing into the stack for thread: 0x00007ff8fd005800
RSI=0x00007ff8fd005800 is a thread
RDI=0x4f42442e62640002 is an unknown value
R8 =0x0000000000000003 is an unknown value
R9 =0x00007ff8fb500000 is an unknown value
R10=0x0000000000000030 is an unknown value
R11=0x00007ff8fb500000 is an unknown value
R12=0x00007ff8fd005800 is a thread
R13=0x4f42442e62640002 is an unknown value
R14=0x4f42442e62640002 is an unknown value
R15=0x00007ff8f9e0db60 is an unknown value


Stack: [0x0000000122a75000,0x0000000122b75000],  sp=0x0000000122b749d0,  free space=1022k
Native frames: (J=compiled Java code, j=interpreted, Vv=VM code, C=native code)
V  [libjvm.dylib+0x446d7c]  Method::checked_resolve_jmethod_id(_jmethodID*)+0xe
V  [libjvm.dylib+0x355dda]  jvmti_IsMethodSynthetic+0xb2
C  [libjdwp.dylib+0x20780]  isMethodSynthetic+0x63
C  [libjdwp.dylib+0x51f3]  methods1+0x10b
C  [libjdwp.dylib+0x52ec]  methodsWithGeneric+0xe
C  [libjdwp.dylib+0xe898]  debugLoop_run+0x1ce
C  [libjdwp.dylib+0x1f6ba]  attachThread+0x4d
V  [libjvm.dylib+0x397138]  JvmtiAgentThread::call_start_function()+0x38
V  [libjvm.dylib+0x561753]  JavaThread::thread_main_inner()+0x9b
V  [libjvm.dylib+0x562e4e]  JavaThread::run()+0x1c2
V  [libjvm.dylib+0x4838a2]  java_start(Thread*)+0xf6
C  [libsystem_pthread.dylib+0x405a]  _pthread_body+0x83
C  [libsystem_pthread.dylib+0x3fd7]  _pthread_body+0x0
C  [libsystem_pthread.dylib+0x13ed]  thread_start+0xd
C  0x0000000000000000


---------------  P R O C E S S  ---------------

Java Threads: ( => current thread )
  0x00007ff9039a5000 JavaThread "container-0" [_thread_blocked, id=16139, stack(0x0000000126d82000,0x0000000126e82000)]
  0x00007ff900dc4800 JavaThread "ContainerBackgroundProcessor[StandardEngine[Tomcat]]" daemon [_thread_blocked, id=25355, stack(0x00000001264a2000,0x00000001265a2000)]
  0x00007ff9076f6800 JavaThread "localhost-startStop-1" daemon [_thread_blocked, id=14359, stack(0x000000012668f000,0x000000012678f000)]
  0x00007ff9071fb800 JavaThread "Tomcat-startStop-1" daemon [_thread_blocked, id=28167, stack(0x0000000125dd9000,0x0000000125ed9000)]
  0x00007ff906809800 JavaThread "restartedMain" [_thread_blocked, id=27659, stack(0x0000000123bde000,0x0000000123cde000)]
  0x00007ff905802800 JavaThread "Thread-5" [_thread_blocked, id=24839, stack(0x0000000123941000,0x0000000123a41000)]
  0x00007ff9038a2000 JavaThread "DestroyJavaVM" [_thread_blocked, id=4867, stack(0x000000010538e000,0x000000010548e000)]
  0x00007ff901501000 JavaThread "Live Reload Server" daemon [_thread_in_native, id=15115, stack(0x0000000126a45000,0x0000000126b45000)]
  0x00007ff8fc052800 JavaThread "Service Thread" daemon [_thread_blocked, id=22275, stack(0x000000012318a000,0x000000012328a000)]
  0x00007ff8fa855000 JavaThread "C1 CompilerThread3" daemon [_thread_blocked, id=21763, stack(0x0000000123087000,0x0000000123187000)]
  0x00007ff8fd009800 JavaThread "C2 CompilerThread2" daemon [_thread_blocked, id=21251, stack(0x0000000122f84000,0x0000000123084000)]
  0x00007ff8fd008800 JavaThread "C2 CompilerThread1" daemon [_thread_blocked, id=20739, stack(0x0000000122e81000,0x0000000122f81000)]
  0x00007ff8fd007000 JavaThread "C2 CompilerThread0" daemon [_thread_blocked, id=20227, stack(0x0000000122d7e000,0x0000000122e7e000)]
  0x00007ff8fd800000 JavaThread "JDWP Command Reader" daemon [_thread_in_native, id=19715, stack(0x0000000122c7b000,0x0000000122d7b000)]
  0x00007ff8fa84a800 JavaThread "JDWP Event Helper Thread" daemon [_thread_blocked, id=19203, stack(0x0000000122b78000,0x0000000122c78000)]
=>0x00007ff8fd005800 JavaThread "JDWP Transport Listener: dt_socket" daemon [_thread_in_vm, id=18691, stack(0x0000000122a75000,0x0000000122b75000)]
  0x00007ff8fd000000 JavaThread "Signal Dispatcher" daemon [_thread_blocked, id=18199, stack(0x000000012296b000,0x0000000122a6b000)]
  0x00007ff8fa827000 JavaThread "Finalizer" daemon [_thread_blocked, id=13571, stack(0x0000000120f44000,0x0000000121044000)]
  0x00007ff8fa826800 JavaThread "Reference Handler" daemon [_thread_blocked, id=13059, stack(0x0000000120e41000,0x0000000120f41000)]

Other Threads:
  0x00007ff8fa824000 VMThread [stack: 0x0000000120d3e000,0x0000000120e3e000] [id=12547]
  0x00007ff8fd005000 WatcherThread [stack: 0x000000012328d000,0x000000012338d000] [id=22787]

VM state:not at safepoint (normal execution)

VM Mutex/Monitor currently owned by a thread: None

Heap:
 PSYoungGen      total 181760K, used 153177K [0x000000076ab00000, 0x0000000777880000, 0x00000007c0000000)
  eden space 160768K, 95% used [0x000000076ab00000,0x0000000774096490,0x0000000774800000)
  from space 20992K, 0% used [0x0000000775d00000,0x0000000775d00000,0x0000000777180000)
  to   space 21504K, 0% used [0x0000000774800000,0x0000000774800000,0x0000000775d00000)
 ParOldGen       total 194048K, used 21015K [0x00000006c0000000, 0x00000006cbd80000, 0x000000076ab00000)
  object space 194048K, 10% used [0x00000006c0000000,0x00000006c1485d48,0x00000006cbd80000)
 Metaspace       used 36272K, capacity 36634K, committed 36904K, reserved 1081344K
  class space    used 4379K, capacity 4480K, committed 4480K, reserved 1048576K

Card table byte_map: [0x0000000114850000,0x0000000115051000] byte_map_base: 0x0000000111250000

Marking Bits: (ParMarkBitMap*) 0x0000000104ce3ea0
 Begin Bits: [0x0000000115dbf000, 0x0000000119dbf000)
 End Bits:   [0x0000000119dbf000, 0x000000011ddbf000)

Polling page: 0x0000000103378000

CodeCache: size=245760Kb used=16818Kb max_used=16930Kb free=228941Kb
 bounds [0x0000000105490000, 0x00000001065f0000, 0x0000000114490000]
 total_blobs=4310 nmethods=3674 adapters=556
 compilation: enabled

Compilation events (10 events):
Event: 21.933 Thread 0x00007ff8fa855000 nmethod 4436 0x0000000105d4fd50 code [0x0000000105d4fee0, 0x0000000105d50218]
Event: 22.189 Thread 0x00007ff8fd009800 nmethod 4132 0x000000010650e410 code [0x000000010650f040, 0x000000010651d398]
Event: 22.190 Thread 0x00007ff8fd009800 4298   !   4       org.springframework.core.annotation.AnnotatedElementUtils::searchWithFindSemantics (720 bytes)
Event: 22.317 Thread 0x00007ff8fd007000 nmethod 4194 0x0000000106546850 code [0x0000000106547400, 0x000000010655bc18]
Event: 22.318 Thread 0x00007ff8fd007000 4128       4       java.util.LinkedHashMap::get (33 bytes)
Event: 22.322 Thread 0x00007ff8fd007000 nmethod 4128 0x000000010591a0d0 code [0x000000010591a240, 0x000000010591a668]
Event: 22.322 Thread 0x00007ff8fd007000 4100       4       java.util.Properties::load0 (250 bytes)
Event: 22.344 Thread 0x00007ff8fd008800 nmethod 4094 0x0000000106572dd0 code [0x0000000106573f20, 0x0000000106585300]
Event: 22.355 Thread 0x00007ff8fd007000 nmethod 4100 0x00000001057b0d50 code [0x00000001057b0fc0, 0x00000001057b2dd0]
Event: 23.143 Thread 0x00007ff8fd009800 nmethod 4298 0x00000001065b54d0 code [0x00000001065b6220, 0x00000001065cf3d0]

GC Heap History (10 events):
Event: 6.581 GC heap before
{Heap before GC invocations=7 (full 1):
 PSYoungGen      total 100864K, used 100858K [0x000000076ab00000, 0x0000000774380000, 0x00000007c0000000)
  eden space 90112K, 100% used [0x000000076ab00000,0x0000000770300000,0x0000000770300000)
  from space 10752K, 99% used [0x0000000770300000,0x0000000770d7e890,0x0000000770d80000)
  to   space 16384K, 0% used [0x0000000773380000,0x0000000773380000,0x0000000774380000)
 ParOldGen       total 119808K, used 12949K [0x00000006c0000000, 0x00000006c7500000, 0x000000076ab00000)
  object space 119808K, 10% used [0x00000006c0000000,0x00000006c0ca57e8,0x00000006c7500000)
 Metaspace       used 31317K, capacity 31730K, committed 32128K, reserved 1077248K
  class space    used 3828K, capacity 3935K, committed 3968K, reserved 1048576K
Event: 6.591 GC heap after
Heap after GC invocations=7 (full 1):
 PSYoungGen      total 132608K, used 12252K [0x000000076ab00000, 0x0000000774100000, 0x00000007c0000000)
  eden space 118784K, 0% used [0x000000076ab00000,0x000000076ab00000,0x0000000771f00000)
  from space 13824K, 88% used [0x0000000773380000,0x0000000773f771d8,0x0000000774100000)
  to   space 17408K, 0% used [0x0000000771f00000,0x0000000771f00000,0x0000000773000000)
 ParOldGen       total 119808K, used 12957K [0x00000006c0000000, 0x00000006c7500000, 0x000000076ab00000)
  object space 119808K, 10% used [0x00000006c0000000,0x00000006c0ca77e8,0x00000006c7500000)
 Metaspace       used 31317K, capacity 31730K, committed 32128K, reserved 1077248K
  class space    used 3828K, capacity 3935K, committed 3968K, reserved 1048576K
}
Event: 7.317 GC heap before
{Heap before GC invocations=8 (full 1):
 PSYoungGen      total 132608K, used 108843K [0x000000076ab00000, 0x0000000774100000, 0x00000007c0000000)
  eden space 118784K, 81% used [0x000000076ab00000,0x0000000770953aa0,0x0000000771f00000)
  from space 13824K, 88% used [0x0000000773380000,0x0000000773f771d8,0x0000000774100000)
  to   space 17408K, 0% used [0x0000000771f00000,0x0000000771f00000,0x0000000773000000)
 ParOldGen       total 119808K, used 12957K [0x00000006c0000000, 0x00000006c7500000, 0x000000076ab00000)
  object space 119808K, 10% used [0x00000006c0000000,0x00000006c0ca77e8,0x00000006c7500000)
 Metaspace       used 34858K, capacity 35234K, committed 35496K, reserved 1081344K
  class space    used 4236K, capacity 4337K, committed 4352K, reserved 1048576K
Event: 7.331 GC heap after
Heap after GC invocations=8 (full 1):
 PSYoungGen      total 136192K, used 17407K [0x000000076ab00000, 0x0000000777180000, 0x00000007c0000000)
  eden space 118784K, 0% used [0x000000076ab00000,0x000000076ab00000,0x0000000771f00000)
  from space 17408K, 99% used [0x0000000771f00000,0x0000000772fffd10,0x0000000773000000)
  to   space 20992K, 0% used [0x0000000775d00000,0x0000000775d00000,0x0000000777180000)
 ParOldGen       total 119808K, used 13691K [0x00000006c0000000, 0x00000006c7500000, 0x000000076ab00000)
  object space 119808K, 11% used [0x00000006c0000000,0x00000006c0d5ed38,0x00000006c7500000)
 Metaspace       used 34858K, capacity 35234K, committed 35496K, reserved 1081344K
  class space    used 4236K, capacity 4337K, committed 4352K, reserved 1048576K
}
Event: 7.331 GC heap before
{Heap before GC invocations=9 (full 2):
 PSYoungGen      total 136192K, used 17407K [0x000000076ab00000, 0x0000000777180000, 0x00000007c0000000)
  eden space 118784K, 0% used [0x000000076ab00000,0x000000076ab00000,0x0000000771f00000)
  from space 17408K, 99% used [0x0000000771f00000,0x0000000772fffd10,0x0000000773000000)
  to   space 20992K, 0% used [0x0000000775d00000,0x0000000775d00000,0x0000000777180000)
 ParOldGen       total 119808K, used 13691K [0x00000006c0000000, 0x00000006c7500000, 0x000000076ab00000)
  object space 119808K, 11% used [0x00000006c0000000,0x00000006c0d5ed38,0x00000006c7500000)
 Metaspace       used 34858K, capacity 35234K, committed 35496K, reserved 1081344K
  class space    used 4236K, capacity 4337K, committed 4352K, reserved 1048576K
Event: 7.411 GC heap after
Heap after GC invocations=9 (full 2):
 PSYoungGen      total 136192K, used 0K [0x000000076ab00000, 0x0000000777180000, 0x00000007c0000000)
  eden space 118784K, 0% used [0x000000076ab00000,0x000000076ab00000,0x0000000771f00000)
  from space 17408K, 0% used [0x0000000771f00000,0x0000000771f00000,0x0000000773000000)
  to   space 20992K, 0% used [0x0000000775d00000,0x0000000775d00000,0x0000000777180000)
 ParOldGen       total 194048K, used 26446K [0x00000006c0000000, 0x00000006cbd80000, 0x000000076ab00000)
  object space 194048K, 13% used [0x00000006c0000000,0x00000006c19d3930,0x00000006cbd80000)
 Metaspace       used 34858K, capacity 35234K, committed 35496K, reserved 1081344K
  class space    used 4236K, capacity 4337K, committed 4352K, reserved 1048576K
}
Event: 21.084 GC heap before
{Heap before GC invocations=10 (full 2):
 PSYoungGen      total 136192K, used 47749K [0x000000076ab00000, 0x0000000777180000, 0x00000007c0000000)
  eden space 118784K, 40% used [0x000000076ab00000,0x000000076d9a16e8,0x0000000771f00000)
  from space 17408K, 0% used [0x0000000771f00000,0x0000000771f00000,0x0000000773000000)
  to   space 20992K, 0% used [0x0000000775d00000,0x0000000775d00000,0x0000000777180000)
 ParOldGen       total 194048K, used 26446K [0x00000006c0000000, 0x00000006cbd80000, 0x000000076ab00000)
  object space 194048K, 13% used [0x00000006c0000000,0x00000006c19d3930,0x00000006cbd80000)
 Metaspace       used 35871K, capacity 36272K, committed 36648K, reserved 1081344K
  class space    used 4366K, capacity 4470K, committed 4480K, reserved 1048576K
Event: 21.087 GC heap after
Heap after GC invocations=10 (full 2):
 PSYoungGen      total 181760K, used 1863K [0x000000076ab00000, 0x0000000777880000, 0x00000007c0000000)
  eden space 160768K, 0% used [0x000000076ab00000,0x000000076ab00000,0x0000000774800000)
  from space 20992K, 8% used [0x0000000775d00000,0x0000000775ed1ce8,0x0000000777180000)
  to   space 21504K, 0% used [0x0000000774800000,0x0000000774800000,0x0000000775d00000)
 ParOldGen       total 194048K, used 26454K [0x00000006c0000000, 0x00000006cbd80000, 0x000000076ab00000)
  object space 194048K, 13% used [0x00000006c0000000,0x00000006c19d5930,0x00000006cbd80000)
 Metaspace       used 35871K, capacity 36272K, committed 36648K, reserved 1081344K
  class space    used 4366K, capacity 4470K, committed 4480K, reserved 1048576K
}
Event: 21.087 GC heap before
{Heap before GC invocations=11 (full 3):
 PSYoungGen      total 181760K, used 1863K [0x000000076ab00000, 0x0000000777880000, 0x00000007c0000000)
  eden space 160768K, 0% used [0x000000076ab00000,0x000000076ab00000,0x0000000774800000)
  from space 20992K, 8% used [0x0000000775d00000,0x0000000775ed1ce8,0x0000000777180000)
  to   space 21504K, 0% used [0x0000000774800000,0x0000000774800000,0x0000000775d00000)
 ParOldGen       total 194048K, used 26454K [0x00000006c0000000, 0x00000006cbd80000, 0x000000076ab00000)
  object space 194048K, 13% used [0x00000006c0000000,0x00000006c19d5930,0x00000006cbd80000)
 Metaspace       used 35871K, capacity 36272K, committed 36648K, reserved 1081344K
  class space    used 4366K, capacity 4470K, committed 4480K, reserved 1048576K
Event: 21.204 GC heap after
Heap after GC invocations=11 (full 3):
 PSYoungGen      total 181760K, used 0K [0x000000076ab00000, 0x0000000777880000, 0x00000007c0000000)
  eden space 160768K, 0% used [0x000000076ab00000,0x000000076ab00000,0x0000000774800000)
  from space 20992K, 0% used [0x0000000775d00000,0x0000000775d00000,0x0000000777180000)
  to   space 21504K, 0% used [0x0000000774800000,0x0000000774800000,0x0000000775d00000)
 ParOldGen       total 194048K, used 21015K [0x00000006c0000000, 0x00000006cbd80000, 0x000000076ab00000)
  object space 194048K, 10% used [0x00000006c0000000,0x00000006c1485d48,0x00000006cbd80000)
 Metaspace       used 35869K, capacity 36266K, committed 36648K, reserved 1081344K
  class space    used 4365K, capacity 4468K, committed 4480K, reserved 1048576K
}

Deoptimization events (10 events):
Event: 21.931 Thread 0x00007ff906809800 Uncommon trap: reason=range_check action=none pc=0x00000001056b54ec method=sun.reflect.generics.parser.SignatureParser.current()C @ 34
Event: 21.932 Thread 0x00007ff906809800 Uncommon trap: reason=unhandled action=none pc=0x0000000105c9399c method=java.net.URLClassLoader.findClass(Ljava/lang/String;)Ljava/lang/Class; @ 44
Event: 21.932 Thread 0x00007ff906809800 Uncommon trap: reason=unhandled action=none pc=0x0000000105c9399c method=java.net.URLClassLoader.findClass(Ljava/lang/String;)Ljava/lang/Class; @ 44
Event: 21.945 Thread 0x00007ff906809800 Uncommon trap: reason=unhandled action=none pc=0x0000000105c9399c method=java.net.URLClassLoader.findClass(Ljava/lang/String;)Ljava/lang/Class; @ 44
Event: 21.946 Thread 0x00007ff906809800 Uncommon trap: reason=unhandled action=none pc=0x0000000105c9399c method=java.net.URLClassLoader.findClass(Ljava/lang/String;)Ljava/lang/Class; @ 44
Event: 21.946 Thread 0x00007ff906809800 Uncommon trap: reason=unhandled action=none pc=0x0000000105c9399c method=java.net.URLClassLoader.findClass(Ljava/lang/String;)Ljava/lang/Class; @ 44
Event: 21.946 Thread 0x00007ff906809800 Uncommon trap: reason=unhandled action=none pc=0x0000000105c9399c method=java.net.URLClassLoader.findClass(Ljava/lang/String;)Ljava/lang/Class; @ 44
Event: 21.946 Thread 0x00007ff906809800 Uncommon trap: reason=unhandled action=none pc=0x0000000105c9399c method=java.net.URLClassLoader.findClass(Ljava/lang/String;)Ljava/lang/Class; @ 44
Event: 21.946 Thread 0x00007ff906809800 Uncommon trap: reason=unhandled action=none pc=0x0000000105c9399c method=java.net.URLClassLoader.findClass(Ljava/lang/String;)Ljava/lang/Class; @ 44
Event: 21.946 Thread 0x00007ff906809800 Uncommon trap: reason=unhandled action=none pc=0x0000000105c9399c method=java.net.URLClassLoader.findClass(Ljava/lang/String;)Ljava/lang/Class; @ 44

Internal exceptions (10 events):
Event: 21.926 Thread 0x00007ff906809800 Exception <a 'java/lang/ArrayIndexOutOfBoundsException': 6> (0x0000000773e26138) thrown at [/HUDSON3/workspace/8-2-build-macosx-x86_64/jdk8u73/6086/hotspot/src/share/vm/interpreter/interpreterRuntime.cpp, line 366]
Event: 21.926 Thread 0x00007ff906809800 Exception <a 'java/lang/ArrayIndexOutOfBoundsException': 6> (0x0000000773e27348) thrown at [/HUDSON3/workspace/8-2-build-macosx-x86_64/jdk8u73/6086/hotspot/src/share/vm/interpreter/interpreterRuntime.cpp, line 366]
Event: 21.927 Thread 0x00007ff906809800 Exception <a 'java/lang/ArrayIndexOutOfBoundsException': 91> (0x0000000773e32b50) thrown at [/HUDSON3/workspace/8-2-build-macosx-x86_64/jdk8u73/6086/hotspot/src/share/vm/interpreter/interpreterRuntime.cpp, line 366]
Event: 21.929 Thread 0x00007ff906809800 Exception <a 'java/lang/ArrayIndexOutOfBoundsException': 91> (0x0000000773e678c0) thrown at [/HUDSON3/workspace/8-2-build-macosx-x86_64/jdk8u73/6086/hotspot/src/share/vm/interpreter/interpreterRuntime.cpp, line 366]
Event: 21.931 Thread 0x00007ff906809800 Exception <a 'java/lang/ArrayIndexOutOfBoundsException': 6> (0x0000000773e82e78) thrown at [/HUDSON3/workspace/8-2-build-macosx-x86_64/jdk8u73/6086/hotspot/src/share/vm/interpreter/interpreterRuntime.cpp, line 366]
Event: 21.931 Thread 0x00007ff906809800 Exception <a 'java/lang/ArrayIndexOutOfBoundsException': 6> (0x0000000773e83b30) thrown at [/HUDSON3/workspace/8-2-build-macosx-x86_64/jdk8u73/6086/hotspot/src/share/vm/interpreter/interpreterRuntime.cpp, line 366]
Event: 21.931 Thread 0x00007ff906809800 Exception <a 'java/lang/ArrayIndexOutOfBoundsException': 6> (0x0000000773e85cb0) thrown at [/HUDSON3/workspace/8-2-build-macosx-x86_64/jdk8u73/6086/hotspot/src/share/vm/interpreter/interpreterRuntime.cpp, line 366]
Event: 21.931 Thread 0x00007ff906809800 Exception <a 'java/lang/ArrayIndexOutOfBoundsException': 6> (0x0000000773e86968) thrown at [/HUDSON3/workspace/8-2-build-macosx-x86_64/jdk8u73/6086/hotspot/src/share/vm/interpreter/interpreterRuntime.cpp, line 366]
Event: 21.931 Thread 0x00007ff906809800 Exception <a 'java/lang/ArrayIndexOutOfBoundsException': 6> (0x0000000773e8f860) thrown at [/HUDSON3/workspace/8-2-build-macosx-x86_64/jdk8u73/6086/hotspot/src/share/vm/interpreter/interpreterRuntime.cpp, line 366]
Event: 21.931 Thread 0x00007ff906809800 Exception <a 'java/lang/ArrayIndexOutOfBoundsException': 6> (0x0000000773e90518) thrown at [/HUDSON3/workspace/8-2-build-macosx-x86_64/jdk8u73/6086/hotspot/src/share/vm/interpreter/interpreterRuntime.cpp, line 366]

Events (10 events):
Event: 30.921 Executing VM operation: ChangeBreakpoints
Event: 30.922 Executing VM operation: ChangeBreakpoints done
Event: 30.928 Executing VM operation: ChangeBreakpoints
Event: 30.929 Executing VM operation: ChangeBreakpoints done
Event: 30.930 Executing VM operation: ChangeBreakpoints
Event: 30.931 Executing VM operation: ChangeBreakpoints done
Event: 30.937 Executing VM operation: ChangeBreakpoints
Event: 30.938 Executing VM operation: ChangeBreakpoints done
Event: 30.939 Executing VM operation: ChangeBreakpoints
Event: 30.940 Executing VM operation: ChangeBreakpoints done


Dynamic libraries:
0x0000000000d5b000 	/System/Library/Frameworks/Cocoa.framework/Versions/A/Cocoa
0x0000000000d5b000 	/System/Library/Frameworks/Security.framework/Versions/A/Security
0x0000000000d5b000 	/System/Library/Frameworks/ApplicationServices.framework/Versions/A/ApplicationServices
0x0000000000d5b000 	/usr/lib/libz.1.dylib
0x0000000000d5b000 	/usr/lib/libSystem.B.dylib
0x0000000000d5b000 	/usr/lib/libobjc.A.dylib
0x0000000000d5b000 	/System/Library/Frameworks/CoreFoundation.framework/Versions/A/CoreFoundation
0x0000000000d5b000 	/System/Library/Frameworks/Foundation.framework/Versions/C/Foundation
0x0000000000d5b000 	/System/Library/Frameworks/AppKit.framework/Versions/C/AppKit
0x0000000000d5b000 	/System/Library/Frameworks/CoreData.framework/Versions/A/CoreData
0x0000000000d5b000 	/System/Library/PrivateFrameworks/RemoteViewServices.framework/Versions/A/RemoteViewServices
0x0000000000d5b000 	/System/Library/PrivateFrameworks/UIFoundation.framework/Versions/A/UIFoundation
0x0000000000d5b000 	/System/Library/Frameworks/IOSurface.framework/Versions/A/IOSurface
0x0000000000d5b000 	/System/Library/Frameworks/AudioToolbox.framework/Versions/A/AudioToolbox
0x0000000000d5b000 	/System/Library/Frameworks/AudioUnit.framework/Versions/A/AudioUnit
0x0000000000d5b000 	/System/Library/PrivateFrameworks/DataDetectorsCore.framework/Versions/A/DataDetectorsCore
0x0000000000d5b000 	/System/Library/PrivateFrameworks/DesktopServicesPriv.framework/Versions/A/DesktopServicesPriv
0x0000000000d5b000 	/System/Library/Frameworks/Carbon.framework/Versions/A/Frameworks/HIToolbox.framework/Versions/A/HIToolbox
0x0000000000d5b000 	/System/Library/Frameworks/QuartzCore.framework/Versions/A/QuartzCore
0x0000000000d5b000 	/System/Library/Frameworks/Carbon.framework/Versions/A/Frameworks/SpeechRecognition.framework/Versions/A/SpeechRecognition
0x0000000000d5b000 	/usr/lib/libauto.dylib
0x0000000000d5b000 	/usr/lib/libicucore.A.dylib
0x0000000000d5b000 	/usr/lib/libxml2.2.dylib
0x0000000000d5b000 	/System/Library/PrivateFrameworks/CoreUI.framework/Versions/A/CoreUI
0x0000000000d5b000 	/System/Library/Frameworks/CoreAudio.framework/Versions/A/CoreAudio
0x0000000000d5b000 	/System/Library/Frameworks/DiskArbitration.framework/Versions/A/DiskArbitration
0x0000000000d5b000 	/usr/lib/liblangid.dylib
0x0000000000d5b000 	/System/Library/PrivateFrameworks/MultitouchSupport.framework/Versions/A/MultitouchSupport
0x0000000000d5b000 	/System/Library/Frameworks/IOKit.framework/Versions/A/IOKit
0x0000000000d5b000 	/usr/lib/libDiagnosticMessagesClient.dylib
0x0000000000d5b000 	/System/Library/Frameworks/CoreServices.framework/Versions/A/CoreServices
0x0000000000d5b000 	/System/Library/PrivateFrameworks/PerformanceAnalysis.framework/Versions/A/PerformanceAnalysis
0x0000000000d5b000 	/System/Library/PrivateFrameworks/GenerationalStorage.framework/Versions/A/GenerationalStorage
0x0000000000d5b000 	/System/Library/Frameworks/OpenGL.framework/Versions/A/OpenGL
0x0000000000d5b000 	/System/Library/PrivateFrameworks/Sharing.framework/Versions/A/Sharing
0x0000000000d5b000 	/System/Library/Frameworks/CoreGraphics.framework/Versions/A/CoreGraphics
0x0000000000d5b000 	/System/Library/Frameworks/CoreText.framework/Versions/A/CoreText
0x0000000000d5b000 	/System/Library/Frameworks/ImageIO.framework/Versions/A/ImageIO
0x0000000000d5b000 	/usr/lib/libextension.dylib
0x0000000000d5b000 	/System/Library/PrivateFrameworks/Backup.framework/Versions/A/Backup
0x0000000000d5b000 	/usr/lib/libarchive.2.dylib
0x0000000000d5b000 	/System/Library/Frameworks/CFNetwork.framework/Versions/A/CFNetwork
0x0000000000d5b000 	/System/Library/Frameworks/SystemConfiguration.framework/Versions/A/SystemConfiguration
0x0000000000d5b000 	/usr/lib/libCRFSuite.dylib
0x0000000000d5b000 	/usr/lib/libc++.1.dylib
0x0000000000d5b000 	/usr/lib/libc++abi.dylib
0x0000000000d5b000 	/usr/lib/system/libcache.dylib
0x0000000000d5b000 	/usr/lib/system/libcommonCrypto.dylib
0x0000000000d5b000 	/usr/lib/system/libcompiler_rt.dylib
0x0000000000d5b000 	/usr/lib/system/libcopyfile.dylib
0x0000000000d5b000 	/usr/lib/system/libcorecrypto.dylib
0x0000000000d5b000 	/usr/lib/system/libdispatch.dylib
0x0000000000d5b000 	/usr/lib/system/libdyld.dylib
0x0000000000d5b000 	/usr/lib/system/libkeymgr.dylib
0x0000000000d5b000 	/usr/lib/system/liblaunch.dylib
0x0000000000d5b000 	/usr/lib/system/libmacho.dylib
0x0000000000d5b000 	/usr/lib/system/libquarantine.dylib
0x0000000000d5b000 	/usr/lib/system/libremovefile.dylib
0x0000000000d5b000 	/usr/lib/system/libsystem_asl.dylib
0x0000000000d5b000 	/usr/lib/system/libsystem_blocks.dylib
0x0000000000d5b000 	/usr/lib/system/libsystem_c.dylib
0x0000000000d5b000 	/usr/lib/system/libsystem_configuration.dylib
0x0000000000d5b000 	/usr/lib/system/libsystem_coreservices.dylib
0x0000000000d5b000 	/usr/lib/system/libsystem_coretls.dylib
0x0000000000d5b000 	/usr/lib/system/libsystem_dnssd.dylib
0x0000000000d5b000 	/usr/lib/system/libsystem_info.dylib
0x0000000000d5b000 	/usr/lib/system/libsystem_kernel.dylib
0x0000000000d5b000 	/usr/lib/system/libsystem_m.dylib
0x0000000000d5b000 	/usr/lib/system/libsystem_malloc.dylib
0x0000000000d5b000 	/usr/lib/system/libsystem_network.dylib
0x0000000000d5b000 	/usr/lib/system/libsystem_networkextension.dylib
0x0000000000d5b000 	/usr/lib/system/libsystem_notify.dylib
0x0000000000d5b000 	/usr/lib/system/libsystem_platform.dylib
0x0000000000d5b000 	/usr/lib/system/libsystem_pthread.dylib
0x0000000000d5b000 	/usr/lib/system/libsystem_sandbox.dylib
0x0000000000d5b000 	/usr/lib/system/libsystem_secinit.dylib
0x0000000000d5b000 	/usr/lib/system/libsystem_stats.dylib
0x0000000000d5b000 	/usr/lib/system/libsystem_trace.dylib
0x0000000000d5b000 	/usr/lib/system/libunc.dylib
0x0000000000d5b000 	/usr/lib/system/libunwind.dylib
0x0000000000d5b000 	/usr/lib/system/libxpc.dylib
0x0000000000d5b000 	/usr/lib/libbz2.1.0.dylib
0x0000000000d5b000 	/usr/lib/liblzma.5.dylib
0x0000000000d5b000 	/usr/lib/libbsm.0.dylib
0x0000000000d5b000 	/usr/lib/libsqlite3.dylib
0x0000000000d5b000 	/usr/lib/system/libkxld.dylib
0x0000000000d5b000 	/usr/lib/libxar.1.dylib
0x0000000000d5b000 	/usr/lib/libpam.2.dylib
0x0000000000d5b000 	/usr/lib/libOpenScriptingUtil.dylib
0x0000000000d5b000 	/System/Library/Frameworks/CoreServices.framework/Versions/A/Frameworks/FSEvents.framework/Versions/A/FSEvents
0x0000000000d5b000 	/System/Library/Frameworks/CoreServices.framework/Versions/A/Frameworks/CarbonCore.framework/Versions/A/CarbonCore
0x0000000000d5b000 	/System/Library/Frameworks/CoreServices.framework/Versions/A/Frameworks/Metadata.framework/Versions/A/Metadata
0x0000000000d5b000 	/System/Library/Frameworks/CoreServices.framework/Versions/A/Frameworks/OSServices.framework/Versions/A/OSServices
0x0000000000d5b000 	/System/Library/Frameworks/CoreServices.framework/Versions/A/Frameworks/SearchKit.framework/Versions/A/SearchKit
0x0000000000d5b000 	/System/Library/Frameworks/CoreServices.framework/Versions/A/Frameworks/AE.framework/Versions/A/AE
0x0000000000d5b000 	/System/Library/Frameworks/CoreServices.framework/Versions/A/Frameworks/LaunchServices.framework/Versions/A/LaunchServices
0x0000000000d5b000 	/System/Library/Frameworks/CoreServices.framework/Versions/A/Frameworks/DictionaryServices.framework/Versions/A/DictionaryServices
0x0000000000d5b000 	/System/Library/Frameworks/NetFS.framework/Versions/A/NetFS
0x0000000000d5b000 	/System/Library/PrivateFrameworks/NetAuth.framework/Versions/A/NetAuth
0x0000000000d5b000 	/System/Library/PrivateFrameworks/login.framework/Versions/A/Frameworks/loginsupport.framework/Versions/A/loginsupport
0x0000000000d5b000 	/System/Library/PrivateFrameworks/TCC.framework/Versions/A/TCC
0x0000000000d5b000 	/usr/lib/libmecabra.dylib
0x0000000000d5b000 	/System/Library/Frameworks/ApplicationServices.framework/Versions/A/Frameworks/ATS.framework/Versions/A/ATS
0x0000000000d5b000 	/System/Library/Frameworks/ApplicationServices.framework/Versions/A/Frameworks/ColorSync.framework/Versions/A/ColorSync
0x0000000000d5b000 	/System/Library/Frameworks/ApplicationServices.framework/Versions/A/Frameworks/HIServices.framework/Versions/A/HIServices
0x0000000000d5b000 	/System/Library/Frameworks/ApplicationServices.framework/Versions/A/Frameworks/LangAnalysis.framework/Versions/A/LangAnalysis
0x0000000000d5b000 	/System/Library/Frameworks/ApplicationServices.framework/Versions/A/Frameworks/PrintCore.framework/Versions/A/PrintCore
0x0000000000d5b000 	/System/Library/Frameworks/ApplicationServices.framework/Versions/A/Frameworks/QD.framework/Versions/A/QD
0x0000000000d5b000 	/System/Library/Frameworks/ApplicationServices.framework/Versions/A/Frameworks/SpeechSynthesis.framework/Versions/A/SpeechSynthesis
0x0000000000d5b000 	/System/Library/Frameworks/Accelerate.framework/Versions/A/Accelerate
0x0000000000d5b000 	/System/Library/Frameworks/Accelerate.framework/Versions/A/Frameworks/vImage.framework/Versions/A/vImage
0x0000000000d5b000 	/System/Library/Frameworks/Accelerate.framework/Versions/A/Frameworks/vecLib.framework/Versions/A/vecLib
0x0000000000d5b000 	/System/Library/Frameworks/Accelerate.framework/Versions/A/Frameworks/vecLib.framework/Versions/A/libvDSP.dylib
0x0000000000d5b000 	/System/Library/Frameworks/Accelerate.framework/Versions/A/Frameworks/vecLib.framework/Versions/A/libvMisc.dylib
0x0000000000d5b000 	/System/Library/Frameworks/Accelerate.framework/Versions/A/Frameworks/vecLib.framework/Versions/A/libLAPACK.dylib
0x0000000000d5b000 	/System/Library/Frameworks/Accelerate.framework/Versions/A/Frameworks/vecLib.framework/Versions/A/libBLAS.dylib
0x0000000000d5b000 	/System/Library/Frameworks/Accelerate.framework/Versions/A/Frameworks/vecLib.framework/Versions/A/libLinearAlgebra.dylib
0x0000000000d5b000 	/System/Library/Frameworks/ApplicationServices.framework/Versions/A/Frameworks/ATS.framework/Versions/A/Resources/libFontParser.dylib
0x0000000000d5b000 	/System/Library/Frameworks/ApplicationServices.framework/Versions/A/Frameworks/ATS.framework/Versions/A/Resources/libFontRegistry.dylib
0x0000000000d5b000 	/System/Library/PrivateFrameworks/AppleVPA.framework/Versions/A/AppleVPA
0x0000000000d5b000 	/System/Library/PrivateFrameworks/AppleJPEG.framework/Versions/A/AppleJPEG
0x0000000000d5b000 	/System/Library/Frameworks/ImageIO.framework/Versions/A/Resources/libJPEG.dylib
0x0000000000d5b000 	/System/Library/Frameworks/ImageIO.framework/Versions/A/Resources/libTIFF.dylib
0x0000000000d5b000 	/System/Library/Frameworks/ImageIO.framework/Versions/A/Resources/libPng.dylib
0x0000000000d5b000 	/System/Library/Frameworks/ImageIO.framework/Versions/A/Resources/libGIF.dylib
0x0000000000d5b000 	/System/Library/Frameworks/ImageIO.framework/Versions/A/Resources/libJP2.dylib
0x0000000000d5b000 	/System/Library/Frameworks/ImageIO.framework/Versions/A/Resources/libRadiance.dylib
0x0000000000d5b000 	/System/Library/Frameworks/CoreVideo.framework/Versions/A/CoreVideo
0x0000000000d5b000 	/System/Library/Frameworks/OpenGL.framework/Versions/A/Libraries/libGLU.dylib
0x0000000000d5b000 	/System/Library/Frameworks/OpenGL.framework/Versions/A/Libraries/libGFXShared.dylib
0x0000000000d5b000 	/System/Library/Frameworks/OpenGL.framework/Versions/A/Libraries/libGL.dylib
0x0000000000d5b000 	/System/Library/Frameworks/OpenGL.framework/Versions/A/Libraries/libGLImage.dylib
0x0000000000d5b000 	/System/Library/Frameworks/OpenGL.framework/Versions/A/Libraries/libCVMSPluginSupport.dylib
0x0000000000d5b000 	/System/Library/Frameworks/OpenGL.framework/Versions/A/Libraries/libCoreVMClient.dylib
0x0000000000d5b000 	/usr/lib/libcups.2.dylib
0x0000000000d5b000 	/System/Library/Frameworks/Kerberos.framework/Versions/A/Kerberos
0x0000000000d5b000 	/System/Library/Frameworks/GSS.framework/Versions/A/GSS
0x0000000000d5b000 	/usr/lib/libresolv.9.dylib
0x0000000000d5b000 	/usr/lib/libiconv.2.dylib
0x0000000000d5b000 	/System/Library/PrivateFrameworks/Heimdal.framework/Versions/A/Heimdal
0x0000000000d5b000 	/usr/lib/libheimdal-asn1.dylib
0x0000000000d5b000 	/System/Library/Frameworks/OpenDirectory.framework/Versions/A/OpenDirectory
0x0000000000d5b000 	/System/Library/PrivateFrameworks/CommonAuth.framework/Versions/A/CommonAuth
0x0000000000d5b000 	/System/Library/Frameworks/OpenDirectory.framework/Versions/A/Frameworks/CFOpenDirectory.framework/Versions/A/CFOpenDirectory
0x0000000000d5b000 	/System/Library/Frameworks/SecurityFoundation.framework/Versions/A/SecurityFoundation
0x0000000000d5b000 	/System/Library/PrivateFrameworks/LanguageModeling.framework/Versions/A/LanguageModeling
0x0000000000d5b000 	/usr/lib/libcmph.dylib
0x0000000000d5b000 	/System/Library/Frameworks/ServiceManagement.framework/Versions/A/ServiceManagement
0x0000000000d5b000 	/usr/lib/libxslt.1.dylib
0x0000000000d5b000 	/System/Library/Frameworks/Carbon.framework/Versions/A/Frameworks/Ink.framework/Versions/A/Ink
0x0000000000d5b000 	/System/Library/Frameworks/QuartzCore.framework/Versions/A/Frameworks/CoreImage.framework/Versions/A/CoreImage
0x0000000000d5b000 	/System/Library/PrivateFrameworks/CrashReporterSupport.framework/Versions/A/CrashReporterSupport
0x0000000000d5b000 	/System/Library/Frameworks/OpenCL.framework/Versions/A/OpenCL
0x0000000000d5b000 	/System/Library/PrivateFrameworks/FaceCore.framework/Versions/A/FaceCore
0x0000000000d5b000 	/System/Library/PrivateFrameworks/Ubiquity.framework/Versions/A/Ubiquity
0x0000000000d5b000 	/System/Library/PrivateFrameworks/IconServices.framework/Versions/A/IconServices
0x0000000000d5b000 	/System/Library/PrivateFrameworks/ChunkingLibrary.framework/Versions/A/ChunkingLibrary
0x0000000000d5b000 	/System/Library/PrivateFrameworks/Apple80211.framework/Versions/A/Apple80211
0x0000000000d5b000 	/System/Library/Frameworks/CoreWLAN.framework/Versions/A/CoreWLAN
0x0000000000d5b000 	/System/Library/Frameworks/IOBluetooth.framework/Versions/A/IOBluetooth
0x0000000000d5b000 	/System/Library/PrivateFrameworks/CoreWiFi.framework/Versions/A/CoreWiFi
0x0000000000d5b000 	/System/Library/Frameworks/CoreBluetooth.framework/Versions/A/CoreBluetooth
0x0000000000d5b000 	/System/Library/PrivateFrameworks/DebugSymbols.framework/Versions/A/DebugSymbols
0x0000000000d5b000 	/System/Library/PrivateFrameworks/CoreSymbolication.framework/Versions/A/CoreSymbolication
0x0000000000d5b000 	/System/Library/PrivateFrameworks/Symbolication.framework/Versions/A/Symbolication
0x0000000000d5b000 	/System/Library/PrivateFrameworks/SpeechRecognitionCore.framework/Versions/A/SpeechRecognitionCore
0x0000000104400000 	/Library/Java/JavaVirtualMachines/jdk1.8.0_73.jdk/Contents/Home/jre/lib/server/libjvm.dylib
0x0000000000d5b000 	/usr/lib/libstdc++.6.dylib
0x0000000103335000 	/Library/Java/JavaVirtualMachines/jdk1.8.0_73.jdk/Contents/Home/jre/lib/libverify.dylib
0x0000000103343000 	/Library/Java/JavaVirtualMachines/jdk1.8.0_73.jdk/Contents/Home/jre/lib/libjava.dylib
0x0000000103379000 	/Library/Java/JavaVirtualMachines/jdk1.8.0_73.jdk/Contents/Home/jre/lib/libjdwp.dylib
0x00000001033c4000 	/Library/Java/JavaVirtualMachines/jdk1.8.0_73.jdk/Contents/Home/jre/lib/libnpt.dylib
0x00000001033d1000 	/Library/Java/JavaVirtualMachines/jdk1.8.0_73.jdk/Contents/Home/jre/lib/libzip.dylib
0x0000000121046000 	/System/Library/Frameworks/JavaVM.framework/Frameworks/JavaRuntimeSupport.framework/JavaRuntimeSupport
0x000000012105e000 	/System/Library/Frameworks/JavaVM.framework/Versions/A/Frameworks/JavaNativeFoundation.framework/Versions/A/JavaNativeFoundation
0x0000000121073000 	/System/Library/Frameworks/JavaVM.framework/Versions/A/JavaVM
0x0000000000d5b000 	/System/Library/Frameworks/Carbon.framework/Versions/A/Carbon
0x0000000121080000 	/System/Library/PrivateFrameworks/JavaLaunching.framework/Versions/A/JavaLaunching
0x0000000000d5b000 	/System/Library/Frameworks/Carbon.framework/Versions/A/Frameworks/CommonPanels.framework/Versions/A/CommonPanels
0x0000000000d5b000 	/System/Library/Frameworks/Carbon.framework/Versions/A/Frameworks/Help.framework/Versions/A/Help
0x0000000000d5b000 	/System/Library/Frameworks/Carbon.framework/Versions/A/Frameworks/ImageCapture.framework/Versions/A/ImageCapture
0x0000000000d5b000 	/System/Library/Frameworks/Carbon.framework/Versions/A/Frameworks/OpenScripting.framework/Versions/A/OpenScripting
0x0000000000d5b000 	/System/Library/Frameworks/Carbon.framework/Versions/A/Frameworks/Print.framework/Versions/A/Print
0x0000000000d5b000 	/System/Library/Frameworks/Carbon.framework/Versions/A/Frameworks/SecurityHI.framework/Versions/A/SecurityHI
0x0000000122a6d000 	/Library/Java/JavaVirtualMachines/jdk1.8.0_73.jdk/Contents/Home/jre/lib/libdt_socket.dylib
0x0000000123607000 	/Library/Java/JavaVirtualMachines/jdk1.8.0_73.jdk/Contents/Home/jre/lib/libmanagement.dylib
0x00000001236e4000 	/Library/Java/JavaVirtualMachines/jdk1.8.0_73.jdk/Contents/Home/jre/lib/libnet.dylib
0x000000012364f000 	/Library/Java/JavaVirtualMachines/jdk1.8.0_73.jdk/Contents/Home/jre/lib/libnio.dylib

VM Arguments:
jvm_args: -agentlib:jdwp=transport=dt_socket,suspend=y,address=localhost:51402 -Dfile.encoding=UTF-8 
java_command: org.ws.web.ChallengeApplication
java_class_path (initial): /Users/ankur.saran/dev/challenge/challenge/bin:/Users/ankur.saran/.gradle/caches/modules-2/files-2.1/commons-dbcp/commons-dbcp/1.4/30be73c965cc990b153a100aaaaafcf239f82d39/commons-dbcp-1.4.jar:/Users/ankur.saran/.gradle/caches/modules-2/files-2.1/org.springframework.boot/spring-boot-starter-thymeleaf/1.4.4.RELEASE/43394238fa5cb949fc7d10e95a85a2b242ce286/spring-boot-starter-thymeleaf-1.4.4.RELEASE.jar:/Users/ankur.saran/.gradle/caches/modules-2/files-2.1/org.springframework/spring-jdbc/4.3.6.RELEASE/6b7855cfbc636dff3d902f4f335fc69e7309d55c/spring-jdbc-4.3.6.RELEASE.jar:/Users/ankur.saran/.gradle/caches/modules-2/files-2.1/com.h2database/h2/1.4.193/369b51e2090c4e6714d9d5e42010b6330c2cea26/h2-1.4.193.jar:/Users/ankur.saran/.gradle/caches/modules-2/files-2.1/org.springframework.boot/spring-boot-starter-security/1.4.4.RELEASE/3c89daa21778b4c8d2c76320e3320e25518c9394/spring-boot-starter-security-1.4.4.RELEASE.jar:/Users/ankur.saran/.gradle/caches/modules-2/files-2.1/org.springframework.boot/spring-boot-starter-web/1.4.4.RELEASE/66f844bd63c9a02b57d0eaebeb58a124cce9bba9/spring-boot-starter-web-1.4.4.RELEASE.jar:/Users/ankur.saran/.gradle/caches/modules-2/files-2.1/org.springframework.boot/spring-boot-devtools/1.4.4.RELEASE/23fc0debe869336f40bbfd9cb89cfcf7c9eca05f/spring-boot-devtools-1.4.4.RELEASE.jar:/Users/ankur.saran/.gradle/caches/modules-2/files-2.1/org.springframework.boot/spring-boot-starter-test/1.4.4.RELEASE/7598ceb4ddb2d3ed6bcb1f3f1344e15fbe14e0c8/spring-boot-starter-test-1.4.4.RELEASE.jar:/Users/ankur.saran/.gradle/caches/modules-2/files-2.1/commons-pool/commons-pool/1.6/4572d589699f09d866a226a14b7f4323c6d8f040/commons-pool-1.6.jar:/Users/ankur.saran/.gradle/caches/modules-2/files-2.1/org.springframework.boot/spring-boot-starter/1.4.4.RELEASE/71348c5eb769898f5fb43778cc3b2b41cd47ed85/spring-boot-starter-1.4.4.RELEASE.jar:/Users/ankur.saran/.gradle/caches/modules-2/files-2.1/org.thymeleaf/thymeleaf-spring4/2.1.5.RELEASE/74cb9028e99597b5
Launcher Type: SUN_STANDARD

Environment Variables:
JAVA_HOME=/Library/Java/JavaVirtualMachines/jdk1.8.0_31.jdk/Contents/Home
PATH=/usr/local/bin:/usr/bin:/bin:/usr/sbin:/sbin:/usr/local/homebrew/Cellar/ant/1.9.4/libexec/bin:/Library/Java/JavaVirtualMachines/jdk1.8.0_31.jdk/Contents/Home/bin:/Users/ankur.saran/npm:/Users/ankur.saran/npm/lib/node_modules:/Users/ankur.saran/npm/lib
SHELL=/bin/bash

Signal Handlers:
SIGSEGV: [libjvm.dylib+0x5a71a5], sa_mask[0]=11111111011111110111111111111111, sa_flags=SA_ONSTACK|SA_RESTART|SA_SIGINFO
SIGBUS: [libjvm.dylib+0x5a71a5], sa_mask[0]=11111111011111110111111111111111, sa_flags=SA_RESTART|SA_SIGINFO
SIGFPE: [libjvm.dylib+0x480eb4], sa_mask[0]=11111111011111110111111111111111, sa_flags=SA_RESTART|SA_SIGINFO
SIGPIPE: [libjvm.dylib+0x480eb4], sa_mask[0]=11111111011111110111111111111111, sa_flags=SA_RESTART|SA_SIGINFO
SIGXFSZ: [libjvm.dylib+0x480eb4], sa_mask[0]=11111111011111110111111111111111, sa_flags=SA_RESTART|SA_SIGINFO
SIGILL: [libjvm.dylib+0x480eb4], sa_mask[0]=11111111011111110111111111111111, sa_flags=SA_RESTART|SA_SIGINFO
SIGUSR1: SIG_DFL, sa_mask[0]=00000000000000000000000000000000, sa_flags=none
SIGUSR2: [libjvm.dylib+0x4809d2], sa_mask[0]=00100000000000000000000000000000, sa_flags=SA_RESTART|SA_SIGINFO
SIGHUP: [libjvm.dylib+0x47efa9], sa_mask[0]=11111111011111110111111111111111, sa_flags=SA_RESTART|SA_SIGINFO
SIGINT: [libjvm.dylib+0x47efa9], sa_mask[0]=11111111011111110111111111111111, sa_flags=SA_RESTART|SA_SIGINFO
SIGTERM: [libjvm.dylib+0x47efa9], sa_mask[0]=11111111011111110111111111111111, sa_flags=SA_RESTART|SA_SIGINFO
SIGQUIT: [libjvm.dylib+0x47efa9], sa_mask[0]=11111111011111110111111111111111, sa_flags=SA_RESTART|SA_SIGINFO


---------------  S Y S T E M  ---------------

OS:Bsduname:Darwin 14.5.0 Darwin Kernel Version 14.5.0: Sun Sep 25 22:07:15 PDT 2016; root:xnu-2782.50.9~1/RELEASE_X86_64 x86_64
rlimit: STACK 8192k, CORE 0k, NPROC 709, NOFILE 10240, AS infinity
load average:3.81 2.89 2.70

CPU:total 8 (4 cores per cpu, 2 threads per core) family 6 model 70 stepping 1, cmov, cx8, fxsr, mmx, sse, sse2, sse3, ssse3, sse4.1, sse4.2, popcnt, avx, avx2, aes, clmul, erms, rtm, lzcnt, ht, tsc, tscinvbit, bmi1, bmi2

Memory: 4k page, physical 16777216k(59980k free)

/proc/meminfo:


vm_info: Java HotSpot(TM) 64-Bit Server VM (25.73-b02) for bsd-amd64 JRE (1.8.0_73-b02), built on Jan 29 2016 15:02:00 by "java_re" with gcc 4.2.1 (Based on Apple Inc. build 5658) (LLVM build 2336.11.00)

time: Sun Apr 30 15:56:24 2017
elapsed time: 31 seconds (0d 0h 0m 31s)

