#
# A fatal error has been detected by the Java Runtime Environment:
#
#  SIGSEGV (0xb) at pc=0x000000010d046d7c, pid=57482, tid=18691
#
# JRE version: Java(TM) SE Runtime Environment (8.0_73-b02) (build 1.8.0_73-b02)
# Java VM: Java HotSpot(TM) 64-Bit Server VM (25.73-b02 mixed mode bsd-amd64 compressed oops)
# Problematic frame:
# V  [libjvm.dylib+0x446d7c]  Method::checked_resolve_jmethod_id(_jmethodID*)+0xe
#
# Failed to write core dump. Core dumps have been disabled. To enable core dumping, try "ulimit -c unlimited" before starting Java again
#
# If you would like to submit a bug report, please visit:
#   http://bugreport.java.com/bugreport/crash.jsp
#

---------------  T H R E A D  ---------------

Current thread (0x00007fbfe502d000):  JavaThread "JDWP Transport Listener: dt_socket" daemon [_thread_in_vm, id=18691, stack(0x000000012b1e1000,0x000000012b2e1000)]

siginfo: si_signo: 11 (SIGSEGV), si_code: 0 (unknown), si_addr: 0x0000000000000000

Registers:
RAX=0x0000000000000001, RBX=0x000000012b2e0a8b, RCX=0x000000010d415340, RDX=0x000000012b2e0a8b
RSP=0x000000012b2e09d0, RBP=0x000000012b2e09e0, RSI=0x00007fbfe502d000, RDI=0x6974617265700002
R8 =0x0000000000000005, R9 =0x00007fbfe3700000, R10=0x0000000000000030, R11=0x00007fbfe3700000
R12=0x00007fbfe502d000, R13=0x6974617265700002, R14=0x6974617265700002, R15=0x00007fbfe351f190
RIP=0x000000010d046d7c, EFLAGS=0x0000000000010202, ERR=0x0000000000000000
  TRAPNO=0x000000000000000d

Top of Stack: (sp=0x000000012b2e09d0)
0x000000012b2e09d0:   000000012b2e0a8b 000000012b2e0a8b
0x000000012b2e09e0:   000000012b2e0a40 000000010cf55dda
0x000000012b2e09f0:   00007fbfe502d000 0000000000000000
0x000000012b2e0a00:   0000000000000000 0000000000000000
0x000000012b2e0a10:   00007fbfe502d000 00007fbfe502d000
0x000000012b2e0a20:   000000012b2e0a8b 000000012b2e0a90
0x000000012b2e0a30:   6974617265700002 0000000000000002
0x000000012b2e0a40:   000000012b2e0a60 000000010dbad780
0x000000012b2e0a50:   0000000000000001 000000012b2e0b08
0x000000012b2e0a60:   000000012b2e0ad0 000000010db921f3
0x000000012b2e0a70:   000000012b2e0aa0 00007fbfe4db1c90
0x000000012b2e0a80:   0000000300000032 00000001002e0b08
0x000000012b2e0a90:   0000000000000000 0000000000000000
0x000000012b2e0aa0:   0000000000000000 000000012b2e0c90
0x000000012b2e0ab0:   000000010dbb4e7a 00007fbfe4db0910
0x000000012b2e0ac0:   000000012b2e0b08 000000010dbc0598
0x000000012b2e0ad0:   000000012b2e0ae0 000000010db922ec
0x000000012b2e0ae0:   000000012b2e0d00 000000010db9b898
0x000000012b2e0af0:   000067d100000013 00000000000f0200
0x000000012b2e0b00:   00007fbfe4db0930 000000012b2e0c41
0x000000012b2e0b10:   00007fbf00000043 000000012b2e0b20
0x000000012b2e0b20:   00007fbf000000e9 000000012b2e0b58
0x000000012b2e0b30:   0000000000000000 00007f0000000000
0x000000012b2e0b40:   000067d100000029 00007fff0000b780
0x000000012b2e0b50:   000000012b2e0b58 bf7f000003000000
0x000000012b2e0b60:   08000000e815b3e4 30246164626d616c
0x000000012b2e0b70:   616a4c2829000000 522f6c71732f6176
0x000000012b2e0b80:   746553746c757365 6176616a4c29493b
0x000000012b2e0b90:   624f2f676e616c2f 0000003b7463656a
0x000000012b2e0ba0:   7f00000a1000f000 000000d015b3e4bf
0x000000012b2e0bb0:   0000797265757105 6176616a4c282400
0x000000012b2e0bc0:   74532f676e616c2f 6a4c293b676e6972 

Instructions: (pc=0x000000010d046d7c)
0x000000010d046d5c:   40 48 48 85 c0 75 e0 30 c0 0f b6 c0 5d c3 31 c0
0x000000010d046d6c:   5d c3 55 48 89 e5 53 48 83 ec 08 48 85 ff 74 24
0x000000010d046d7c:   48 8b 1f 48 85 db 74 1c 48 83 fb 37 74 16 48 8b
0x000000010d046d8c:   03 48 89 df ff 50 10 84 c0 b8 00 00 00 00 48 0f 

Register to memory mapping:

RAX=0x0000000000000001 is an unknown value
RBX=0x000000012b2e0a8b is pointing into the stack for thread: 0x00007fbfe502d000
RCX=0x000000010d415340: UseMembar+0 in /Library/Java/JavaVirtualMachines/jdk1.8.0_73.jdk/Contents/Home/jre/lib/server/libjvm.dylib at 0x000000010cc00000
RDX=0x000000012b2e0a8b is pointing into the stack for thread: 0x00007fbfe502d000
RSP=0x000000012b2e09d0 is pointing into the stack for thread: 0x00007fbfe502d000
RBP=0x000000012b2e09e0 is pointing into the stack for thread: 0x00007fbfe502d000
RSI=0x00007fbfe502d000 is a thread
RDI=0x6974617265700002 is an unknown value
R8 =0x0000000000000005 is an unknown value
R9 =0x00007fbfe3700000 is an unknown value
R10=0x0000000000000030 is an unknown value
R11=0x00007fbfe3700000 is an unknown value
R12=0x00007fbfe502d000 is a thread
R13=0x6974617265700002 is an unknown value
R14=0x6974617265700002 is an unknown value
R15=0x00007fbfe351f190 is an unknown value


Stack: [0x000000012b1e1000,0x000000012b2e1000],  sp=0x000000012b2e09d0,  free space=1022k
Native frames: (J=compiled Java code, j=interpreted, Vv=VM code, C=native code)
V  [libjvm.dylib+0x446d7c]  Method::checked_resolve_jmethod_id(_jmethodID*)+0xe
V  [libjvm.dylib+0x355dda]  jvmti_IsMethodSynthetic+0xb2
C  [libjdwp.dylib+0x20780]  isMethodSynthetic+0x63
C  [libjdwp.dylib+0x51f3]  methods1+0x10b
C  [libjdwp.dylib+0x52ec]  methodsWithGeneric+0xe
C  [libjdwp.dylib+0xe898]  debugLoop_run+0x1ce
C  [libjdwp.dylib+0x1f6ba]  attachThread+0x4d
V  [libjvm.dylib+0x397138]  JvmtiAgentThread::call_start_function()+0x38
V  [libjvm.dylib+0x561753]  JavaThread::thread_main_inner()+0x9b
V  [libjvm.dylib+0x562e4e]  JavaThread::run()+0x1c2
V  [libjvm.dylib+0x4838a2]  java_start(Thread*)+0xf6
C  [libsystem_pthread.dylib+0x405a]  _pthread_body+0x83
C  [libsystem_pthread.dylib+0x3fd7]  _pthread_body+0x0
C  [libsystem_pthread.dylib+0x13ed]  thread_start+0xd
C  0x0000000000000000


---------------  P R O C E S S  ---------------

Java Threads: ( => current thread )
  0x00007fbfee35b000 JavaThread "File Watcher" daemon [_thread_blocked, id=26639, stack(0x00000001297f5000,0x00000001298f5000)]
  0x00007fbfea282800 JavaThread "container-0" [_thread_blocked, id=15375, stack(0x000000012ca10000,0x000000012cb10000)]
  0x00007fbfe510d800 JavaThread "ContainerBackgroundProcessor[StandardEngine[Tomcat]]" daemon [_thread_blocked, id=24339, stack(0x000000012ddd4000,0x000000012ded4000)]
  0x00007fbfedb37000 JavaThread "Thread-5" [_thread_blocked, id=29699, stack(0x000000012e352000,0x000000012e452000)]
  0x00007fbfeaff7800 JavaThread "DestroyJavaVM" [_thread_blocked, id=4867, stack(0x000000010baa3000,0x000000010bba3000)]
  0x00007fbfec102000 JavaThread "Live Reload Server" daemon [_thread_in_native, id=24591, stack(0x000000012daa3000,0x000000012dba3000)]
  0x00007fbfe4040000 JavaThread "Service Thread" daemon [_thread_blocked, id=22275, stack(0x000000012b8f6000,0x000000012b9f6000)]
  0x00007fbfe385c000 JavaThread "C1 CompilerThread3" daemon [_thread_blocked, id=21763, stack(0x000000012b7f3000,0x000000012b8f3000)]
  0x00007fbfe385b000 JavaThread "C2 CompilerThread2" daemon [_thread_blocked, id=21251, stack(0x000000012b6f0000,0x000000012b7f0000)]
  0x00007fbfe385a800 JavaThread "C2 CompilerThread1" daemon [_thread_blocked, id=20739, stack(0x000000012b5ed000,0x000000012b6ed000)]
  0x00007fbfe402e800 JavaThread "C2 CompilerThread0" daemon [_thread_blocked, id=20227, stack(0x000000012b4ea000,0x000000012b5ea000)]
  0x00007fbfe6800000 JavaThread "JDWP Command Reader" daemon [_thread_in_native, id=19715, stack(0x000000012b3e7000,0x000000012b4e7000)]
  0x00007fbfe3858800 JavaThread "JDWP Event Helper Thread" daemon [_thread_blocked, id=19203, stack(0x000000012b2e4000,0x000000012b3e4000)]
=>0x00007fbfe502d000 JavaThread "JDWP Transport Listener: dt_socket" daemon [_thread_in_vm, id=18691, stack(0x000000012b1e1000,0x000000012b2e1000)]
  0x00007fbfe500d000 JavaThread "Signal Dispatcher" daemon [_thread_blocked, id=18447, stack(0x000000012b0d7000,0x000000012b1d7000)]
  0x00007fbfe3853000 JavaThread "Finalizer" daemon [_thread_blocked, id=13571, stack(0x00000001296ac000,0x00000001297ac000)]
  0x00007fbfe3852000 JavaThread "Reference Handler" daemon [_thread_blocked, id=13059, stack(0x00000001295a9000,0x00000001296a9000)]

Other Threads:
  0x00007fbfe384f800 VMThread [stack: 0x00000001294a6000,0x00000001295a6000] [id=12547]
  0x00007fbfe404b000 WatcherThread [stack: 0x000000012b9f9000,0x000000012baf9000] [id=22787]

VM state:not at safepoint (normal execution)

VM Mutex/Monitor currently owned by a thread: None

Heap:
 PSYoungGen      total 173568K, used 149495K [0x000000076ab00000, 0x0000000777480000, 0x00000007c0000000)
  eden space 152576K, 97% used [0x000000076ab00000,0x0000000773cfdeb8,0x0000000774000000)
  from space 20992K, 0% used [0x0000000775480000,0x0000000775480000,0x0000000776900000)
  to   space 20992K, 0% used [0x0000000774000000,0x0000000774000000,0x0000000775480000)
 ParOldGen       total 194048K, used 23787K [0x00000006c0000000, 0x00000006cbd80000, 0x000000076ab00000)
  object space 194048K, 12% used [0x00000006c0000000,0x00000006c173afe8,0x00000006cbd80000)
 Metaspace       used 38142K, capacity 38640K, committed 38784K, reserved 1083392K
  class space    used 4613K, capacity 4726K, committed 4736K, reserved 1048576K

Card table byte_map: [0x000000011cf98000,0x000000011d799000] byte_map_base: 0x0000000119998000

Marking Bits: (ParMarkBitMap*) 0x000000010d4e3ea0
 Begin Bits: [0x000000011e507000, 0x0000000122507000)
 End Bits:   [0x0000000122507000, 0x0000000126507000)

Polling page: 0x000000010bbe8000

CodeCache: size=245760Kb used=16723Kb max_used=16789Kb free=229037Kb
 bounds [0x000000010dbd8000, 0x000000010ec78000, 0x000000011cbd8000]
 total_blobs=4473 nmethods=3825 adapters=568
 compilation: enabled

Compilation events (10 events):
Event: 79.346 Thread 0x00007fbfe385c000 4549       3       java.io.File::equals (30 bytes)
Event: 79.347 Thread 0x00007fbfe385c000 nmethod 4549 0x000000010eb89790 code [0x000000010eb89940, 0x000000010eb89f28]
Event: 86.406 Thread 0x00007fbfe385c000 4551       3       java.util.AbstractCollection::containsAll (38 bytes)
Event: 86.406 Thread 0x00007fbfe385c000 nmethod 4551 0x000000010eb63d50 code [0x000000010eb63f00, 0x000000010eb64458]
Event: 86.406 Thread 0x00007fbfe385c000 4550   !   3       java.util.AbstractSet::equals (48 bytes)
Event: 86.407 Thread 0x00007fbfe385c000 nmethod 4550 0x000000010eb63350 code [0x000000010eb63500, 0x000000010eb63be8]
Event: 87.417 Thread 0x00007fbfe385c000 4552       3       org.springframework.boot.devtools.filewatch.FolderSnapshot::filter (72 bytes)
Event: 87.418 Thread 0x00007fbfe385c000 nmethod 4552 0x000000010eb5d750 code [0x000000010eb5d9a0, 0x000000010eb5e5f8]
Event: 94.462 Thread 0x00007fbfe402e800 4553       4       java.util.Collections$UnmodifiableCollection$1::next (10 bytes)
Event: 94.462 Thread 0x00007fbfe402e800 nmethod 4553 0x000000010e380a90 code [0x000000010e380be0, 0x000000010e380c78]

GC Heap History (10 events):
Event: 12.693 GC heap before
{Heap before GC invocations=7 (full 1):
 PSYoungGen      total 99328K, used 98949K [0x000000076ab00000, 0x0000000773e80000, 0x00000007c0000000)
  eden space 88576K, 100% used [0x000000076ab00000,0x0000000770180000,0x0000000770180000)
  from space 10752K, 96% used [0x0000000770180000,0x0000000770ba1638,0x0000000770c00000)
  to   space 15872K, 0% used [0x0000000772f00000,0x0000000772f00000,0x0000000773e80000)
 ParOldGen       total 121344K, used 12958K [0x00000006c0000000, 0x00000006c7680000, 0x000000076ab00000)
  object space 121344K, 10% used [0x00000006c0000000,0x00000006c0ca79f0,0x00000006c7680000)
 Metaspace       used 31076K, capacity 31442K, committed 31872K, reserved 1077248K
  class space    used 3789K, capacity 3903K, committed 3968K, reserved 1048576K
Event: 12.703 GC heap after
Heap after GC invocations=7 (full 1):
 PSYoungGen      total 126976K, used 11839K [0x000000076ab00000, 0x0000000773b80000, 0x00000007c0000000)
  eden space 114176K, 0% used [0x000000076ab00000,0x000000076ab00000,0x0000000771a80000)
  from space 12800K, 92% used [0x0000000772f00000,0x0000000773a8fef8,0x0000000773b80000)
  to   space 16896K, 0% used [0x0000000771a80000,0x0000000771a80000,0x0000000772b00000)
 ParOldGen       total 121344K, used 12966K [0x00000006c0000000, 0x00000006c7680000, 0x000000076ab00000)
  object space 121344K, 10% used [0x00000006c0000000,0x00000006c0ca99f0,0x00000006c7680000)
 Metaspace       used 31076K, capacity 31442K, committed 31872K, reserved 1077248K
  class space    used 3789K, capacity 3903K, committed 3968K, reserved 1048576K
}
Event: 13.432 GC heap before
{Heap before GC invocations=8 (full 1):
 PSYoungGen      total 126976K, used 114903K [0x000000076ab00000, 0x0000000773b80000, 0x00000007c0000000)
  eden space 114176K, 90% used [0x000000076ab00000,0x0000000770fa5d50,0x0000000771a80000)
  from space 12800K, 92% used [0x0000000772f00000,0x0000000773a8fef8,0x0000000773b80000)
  to   space 16896K, 0% used [0x0000000771a80000,0x0000000771a80000,0x0000000772b00000)
 ParOldGen       total 121344K, used 12966K [0x00000006c0000000, 0x00000006c7680000, 0x000000076ab00000)
  object space 121344K, 10% used [0x00000006c0000000,0x00000006c0ca99f0,0x00000006c7680000)
 Metaspace       used 34852K, capacity 35234K, committed 35496K, reserved 1081344K
  class space    used 4232K, capacity 4337K, committed 4352K, reserved 1048576K
Event: 13.445 GC heap after
Heap after GC invocations=8 (full 1):
 PSYoungGen      total 131072K, used 16895K [0x000000076ab00000, 0x0000000776900000, 0x00000007c0000000)
  eden space 114176K, 0% used [0x000000076ab00000,0x000000076ab00000,0x0000000771a80000)
  from space 16896K, 99% used [0x0000000771a80000,0x0000000772affff8,0x0000000772b00000)
  to   space 20992K, 0% used [0x0000000775480000,0x0000000775480000,0x0000000776900000)
 ParOldGen       total 121344K, used 14434K [0x00000006c0000000, 0x00000006c7680000, 0x000000076ab00000)
  object space 121344K, 11% used [0x00000006c0000000,0x00000006c0e18970,0x00000006c7680000)
 Metaspace       used 34852K, capacity 35234K, committed 35496K, reserved 1081344K
  class space    used 4232K, capacity 4337K, committed 4352K, reserved 1048576K
}
Event: 13.445 GC heap before
{Heap before GC invocations=9 (full 2):
 PSYoungGen      total 131072K, used 16895K [0x000000076ab00000, 0x0000000776900000, 0x00000007c0000000)
  eden space 114176K, 0% used [0x000000076ab00000,0x000000076ab00000,0x0000000771a80000)
  from space 16896K, 99% used [0x0000000771a80000,0x0000000772affff8,0x0000000772b00000)
  to   space 20992K, 0% used [0x0000000775480000,0x0000000775480000,0x0000000776900000)
 ParOldGen       total 121344K, used 14434K [0x00000006c0000000, 0x00000006c7680000, 0x000000076ab00000)
  object space 121344K, 11% used [0x00000006c0000000,0x00000006c0e18970,0x00000006c7680000)
 Metaspace       used 34852K, capacity 35234K, committed 35496K, reserved 1081344K
  class space    used 4232K, capacity 4337K, committed 4352K, reserved 1048576K
Event: 13.523 GC heap after
Heap after GC invocations=9 (full 2):
 PSYoungGen      total 131072K, used 0K [0x000000076ab00000, 0x0000000776900000, 0x00000007c0000000)
  eden space 114176K, 0% used [0x000000076ab00000,0x000000076ab00000,0x0000000771a80000)
  from space 16896K, 0% used [0x0000000771a80000,0x0000000771a80000,0x0000000772b00000)
  to   space 20992K, 0% used [0x0000000775480000,0x0000000775480000,0x0000000776900000)
 ParOldGen       total 194048K, used 26765K [0x00000006c0000000, 0x00000006cbd80000, 0x000000076ab00000)
  object space 194048K, 13% used [0x00000006c0000000,0x00000006c1a23460,0x00000006cbd80000)
 Metaspace       used 34852K, capacity 35234K, committed 35496K, reserved 1081344K
  class space    used 4232K, capacity 4337K, committed 4352K, reserved 1048576K
}
Event: 58.384 GC heap before
{Heap before GC invocations=10 (full 2):
 PSYoungGen      total 131072K, used 62679K [0x000000076ab00000, 0x0000000776900000, 0x00000007c0000000)
  eden space 114176K, 54% used [0x000000076ab00000,0x000000076e835f88,0x0000000771a80000)
  from space 16896K, 0% used [0x0000000771a80000,0x0000000771a80000,0x0000000772b00000)
  to   space 20992K, 0% used [0x0000000775480000,0x0000000775480000,0x0000000776900000)
 ParOldGen       total 194048K, used 26765K [0x00000006c0000000, 0x00000006cbd80000, 0x000000076ab00000)
  object space 194048K, 13% used [0x00000006c0000000,0x00000006c1a23460,0x00000006cbd80000)
 Metaspace       used 37645K, capacity 38080K, committed 38272K, reserved 1083392K
  class space    used 4587K, capacity 4714K, committed 4736K, reserved 1048576K
Event: 58.388 GC heap after
Heap after GC invocations=10 (full 2):
 PSYoungGen      total 173568K, used 3439K [0x000000076ab00000, 0x0000000777480000, 0x00000007c0000000)
  eden space 152576K, 0% used [0x000000076ab00000,0x000000076ab00000,0x0000000774000000)
  from space 20992K, 16% used [0x0000000775480000,0x00000007757dbf10,0x0000000776900000)
  to   space 20992K, 0% used [0x0000000774000000,0x0000000774000000,0x0000000775480000)
 ParOldGen       total 194048K, used 26773K [0x00000006c0000000, 0x00000006cbd80000, 0x000000076ab00000)
  object space 194048K, 13% used [0x00000006c0000000,0x00000006c1a25460,0x00000006cbd80000)
 Metaspace       used 37645K, capacity 38080K, committed 38272K, reserved 1083392K
  class space    used 4587K, capacity 4714K, committed 4736K, reserved 1048576K
}
Event: 58.388 GC heap before
{Heap before GC invocations=11 (full 3):
 PSYoungGen      total 173568K, used 3439K [0x000000076ab00000, 0x0000000777480000, 0x00000007c0000000)
  eden space 152576K, 0% used [0x000000076ab00000,0x000000076ab00000,0x0000000774000000)
  from space 20992K, 16% used [0x0000000775480000,0x00000007757dbf10,0x0000000776900000)
  to   space 20992K, 0% used [0x0000000774000000,0x0000000774000000,0x0000000775480000)
 ParOldGen       total 194048K, used 26773K [0x00000006c0000000, 0x00000006cbd80000, 0x000000076ab00000)
  object space 194048K, 13% used [0x00000006c0000000,0x00000006c1a25460,0x00000006cbd80000)
 Metaspace       used 37645K, capacity 38080K, committed 38272K, reserved 1083392K
  class space    used 4587K, capacity 4714K, committed 4736K, reserved 1048576K
Event: 58.511 GC heap after
Heap after GC invocations=11 (full 3):
 PSYoungGen      total 173568K, used 0K [0x000000076ab00000, 0x0000000777480000, 0x00000007c0000000)
  eden space 152576K, 0% used [0x000000076ab00000,0x000000076ab00000,0x0000000774000000)
  from space 20992K, 0% used [0x0000000775480000,0x0000000775480000,0x0000000776900000)
  to   space 20992K, 0% used [0x0000000774000000,0x0000000774000000,0x0000000775480000)
 ParOldGen       total 194048K, used 23787K [0x00000006c0000000, 0x00000006cbd80000, 0x000000076ab00000)
  object space 194048K, 12% used [0x00000006c0000000,0x00000006c173afe8,0x00000006cbd80000)
 Metaspace       used 37645K, capacity 38080K, committed 38272K, reserved 1083392K
  class space    used 4587K, capacity 4714K, committed 4736K, reserved 1048576K
}

Deoptimization events (10 events):
Event: 67.266 Thread 0x00007fbfea8c9800 Uncommon trap: reason=unhandled action=none pc=0x000000010eb05bf8 method=java.net.URLClassLoader.findClass(Ljava/lang/String;)Ljava/lang/Class; @ 44
Event: 67.267 Thread 0x00007fbfea8c9800 Uncommon trap: reason=unhandled action=none pc=0x000000010eb05bf8 method=java.net.URLClassLoader.findClass(Ljava/lang/String;)Ljava/lang/Class; @ 44
Event: 67.267 Thread 0x00007fbfea8c9800 Uncommon trap: reason=unhandled action=none pc=0x000000010eb05bf8 method=java.net.URLClassLoader.findClass(Ljava/lang/String;)Ljava/lang/Class; @ 44
Event: 67.267 Thread 0x00007fbfea8c9800 Uncommon trap: reason=unhandled action=none pc=0x000000010e36f15c method=java.net.URLClassLoader.findClass(Ljava/lang/String;)Ljava/lang/Class; @ 44
Event: 67.268 Thread 0x00007fbfea8c9800 Uncommon trap: reason=unhandled action=none pc=0x000000010e36f15c method=java.net.URLClassLoader.findClass(Ljava/lang/String;)Ljava/lang/Class; @ 44
Event: 67.268 Thread 0x00007fbfea8c9800 Uncommon trap: reason=unhandled action=none pc=0x000000010eb05bf8 method=java.net.URLClassLoader.findClass(Ljava/lang/String;)Ljava/lang/Class; @ 44
Event: 67.268 Thread 0x00007fbfea8c9800 Uncommon trap: reason=unhandled action=none pc=0x000000010eb05bf8 method=java.net.URLClassLoader.findClass(Ljava/lang/String;)Ljava/lang/Class; @ 44
Event: 67.269 Thread 0x00007fbfea8c9800 Uncommon trap: reason=unhandled action=none pc=0x000000010eb05bf8 method=java.net.URLClassLoader.findClass(Ljava/lang/String;)Ljava/lang/Class; @ 44
Event: 67.269 Thread 0x00007fbfea8c9800 Uncommon trap: reason=unhandled action=none pc=0x000000010eb05bf8 method=java.net.URLClassLoader.findClass(Ljava/lang/String;)Ljava/lang/Class; @ 44
Event: 67.270 Thread 0x00007fbfedb37000 Uncommon trap: reason=unhandled action=none pc=0x000000010eb05bf8 method=java.net.URLClassLoader.findClass(Ljava/lang/String;)Ljava/lang/Class; @ 44

Internal exceptions (10 events):
Event: 67.261 Thread 0x00007fbfea8c9800 Exception <a 'java/lang/ArrayIndexOutOfBoundsException': 110> (0x0000000773920a20) thrown at [/HUDSON3/workspace/8-2-build-macosx-x86_64/jdk8u73/6086/hotspot/src/share/vm/interpreter/interpreterRuntime.cpp, line 366]
Event: 67.261 Thread 0x00007fbfea8c9800 Exception <a 'java/lang/ArrayIndexOutOfBoundsException': 144> (0x00000007739224e8) thrown at [/HUDSON3/workspace/8-2-build-macosx-x86_64/jdk8u73/6086/hotspot/src/share/vm/interpreter/interpreterRuntime.cpp, line 366]
Event: 67.261 Thread 0x00007fbfea8c9800 Exception <a 'java/lang/ArrayIndexOutOfBoundsException': 201> (0x00000007739245e0) thrown at [/HUDSON3/workspace/8-2-build-macosx-x86_64/jdk8u73/6086/hotspot/src/share/vm/interpreter/interpreterRuntime.cpp, line 366]
Event: 67.262 Thread 0x00007fbfea8c9800 Exception <a 'java/lang/ArrayIndexOutOfBoundsException': 92> (0x0000000773925c08) thrown at [/HUDSON3/workspace/8-2-build-macosx-x86_64/jdk8u73/6086/hotspot/src/share/vm/interpreter/interpreterRuntime.cpp, line 366]
Event: 67.262 Thread 0x00007fbfea8c9800 Exception <a 'java/lang/ArrayIndexOutOfBoundsException': 126> (0x0000000773927f88) thrown at [/HUDSON3/workspace/8-2-build-macosx-x86_64/jdk8u73/6086/hotspot/src/share/vm/interpreter/interpreterRuntime.cpp, line 366]
Event: 67.262 Thread 0x00007fbfea8c9800 Exception <a 'java/lang/ArrayIndexOutOfBoundsException': 102> (0x00000007739296e0) thrown at [/HUDSON3/workspace/8-2-build-macosx-x86_64/jdk8u73/6086/hotspot/src/share/vm/interpreter/interpreterRuntime.cpp, line 366]
Event: 67.262 Thread 0x00007fbfea8c9800 Exception <a 'java/lang/ArrayIndexOutOfBoundsException': 199> (0x000000077392b710) thrown at [/HUDSON3/workspace/8-2-build-macosx-x86_64/jdk8u73/6086/hotspot/src/share/vm/interpreter/interpreterRuntime.cpp, line 366]
Event: 67.262 Thread 0x00007fbfea8c9800 Exception <a 'java/lang/ArrayIndexOutOfBoundsException': 162> (0x000000077392dbb0) thrown at [/HUDSON3/workspace/8-2-build-macosx-x86_64/jdk8u73/6086/hotspot/src/share/vm/interpreter/interpreterRuntime.cpp, line 366]
Event: 67.262 Thread 0x00007fbfea8c9800 Exception <a 'java/lang/ArrayIndexOutOfBoundsException': 97> (0x000000077392f368) thrown at [/HUDSON3/workspace/8-2-build-macosx-x86_64/jdk8u73/6086/hotspot/src/share/vm/interpreter/interpreterRuntime.cpp, line 366]
Event: 67.269 Thread 0x00007fbfea8c9800 Exception <a 'java/lang/reflect/InvocationTargetException'> (0x0000000773a30050) thrown at [/HUDSON3/workspace/8-2-build-macosx-x86_64/jdk8u73/6086/hotspot/src/share/vm/runtime/reflection.cpp, line 1092]

Events (10 events):
Event: 69.236 Executing VM operation: RevokeBias
Event: 69.236 Executing VM operation: RevokeBias done
Event: 69.236 Executing VM operation: RevokeBias
Event: 69.236 Thread 0x00007fbfeb0f8800 Thread exited: 0x00007fbfeb0f8800
Event: 69.236 Executing VM operation: RevokeBias done
Event: 69.236 Thread 0x00007fbfe70b1000 Thread exited: 0x00007fbfe70b1000
Event: 89.236 Executing VM operation: RevokeBias
Event: 89.236 Executing VM operation: RevokeBias done
Event: 99.471 Executing VM operation: RedefineClasses
Event: 99.515 Executing VM operation: RedefineClasses done


Dynamic libraries:
0x0000000000d5b000 	/System/Library/Frameworks/Cocoa.framework/Versions/A/Cocoa
0x0000000000d5b000 	/System/Library/Frameworks/Security.framework/Versions/A/Security
0x0000000000d5b000 	/System/Library/Frameworks/ApplicationServices.framework/Versions/A/ApplicationServices
0x0000000000d5b000 	/usr/lib/libz.1.dylib
0x0000000000d5b000 	/usr/lib/libSystem.B.dylib
0x0000000000d5b000 	/usr/lib/libobjc.A.dylib
0x0000000000d5b000 	/System/Library/Frameworks/CoreFoundation.framework/Versions/A/CoreFoundation
0x0000000000d5b000 	/System/Library/Frameworks/Foundation.framework/Versions/C/Foundation
0x0000000000d5b000 	/System/Library/Frameworks/AppKit.framework/Versions/C/AppKit
0x0000000000d5b000 	/System/Library/Frameworks/CoreData.framework/Versions/A/CoreData
0x0000000000d5b000 	/System/Library/PrivateFrameworks/RemoteViewServices.framework/Versions/A/RemoteViewServices
0x0000000000d5b000 	/System/Library/PrivateFrameworks/UIFoundation.framework/Versions/A/UIFoundation
0x0000000000d5b000 	/System/Library/Frameworks/IOSurface.framework/Versions/A/IOSurface
0x0000000000d5b000 	/System/Library/Frameworks/AudioToolbox.framework/Versions/A/AudioToolbox
0x0000000000d5b000 	/System/Library/Frameworks/AudioUnit.framework/Versions/A/AudioUnit
0x0000000000d5b000 	/System/Library/PrivateFrameworks/DataDetectorsCore.framework/Versions/A/DataDetectorsCore
0x0000000000d5b000 	/System/Library/PrivateFrameworks/DesktopServicesPriv.framework/Versions/A/DesktopServicesPriv
0x0000000000d5b000 	/System/Library/Frameworks/Carbon.framework/Versions/A/Frameworks/HIToolbox.framework/Versions/A/HIToolbox
0x0000000000d5b000 	/System/Library/Frameworks/QuartzCore.framework/Versions/A/QuartzCore
0x0000000000d5b000 	/System/Library/Frameworks/Carbon.framework/Versions/A/Frameworks/SpeechRecognition.framework/Versions/A/SpeechRecognition
0x0000000000d5b000 	/usr/lib/libauto.dylib
0x0000000000d5b000 	/usr/lib/libicucore.A.dylib
0x0000000000d5b000 	/usr/lib/libxml2.2.dylib
0x0000000000d5b000 	/System/Library/PrivateFrameworks/CoreUI.framework/Versions/A/CoreUI
0x0000000000d5b000 	/System/Library/Frameworks/CoreAudio.framework/Versions/A/CoreAudio
0x0000000000d5b000 	/System/Library/Frameworks/DiskArbitration.framework/Versions/A/DiskArbitration
0x0000000000d5b000 	/usr/lib/liblangid.dylib
0x0000000000d5b000 	/System/Library/PrivateFrameworks/MultitouchSupport.framework/Versions/A/MultitouchSupport
0x0000000000d5b000 	/System/Library/Frameworks/IOKit.framework/Versions/A/IOKit
0x0000000000d5b000 	/usr/lib/libDiagnosticMessagesClient.dylib
0x0000000000d5b000 	/System/Library/Frameworks/CoreServices.framework/Versions/A/CoreServices
0x0000000000d5b000 	/System/Library/PrivateFrameworks/PerformanceAnalysis.framework/Versions/A/PerformanceAnalysis
0x0000000000d5b000 	/System/Library/PrivateFrameworks/GenerationalStorage.framework/Versions/A/GenerationalStorage
0x0000000000d5b000 	/System/Library/Frameworks/OpenGL.framework/Versions/A/OpenGL
0x0000000000d5b000 	/System/Library/PrivateFrameworks/Sharing.framework/Versions/A/Sharing
0x0000000000d5b000 	/System/Library/Frameworks/CoreGraphics.framework/Versions/A/CoreGraphics
0x0000000000d5b000 	/System/Library/Frameworks/CoreText.framework/Versions/A/CoreText
0x0000000000d5b000 	/System/Library/Frameworks/ImageIO.framework/Versions/A/ImageIO
0x0000000000d5b000 	/usr/lib/libextension.dylib
0x0000000000d5b000 	/System/Library/PrivateFrameworks/Backup.framework/Versions/A/Backup
0x0000000000d5b000 	/usr/lib/libarchive.2.dylib
0x0000000000d5b000 	/System/Library/Frameworks/CFNetwork.framework/Versions/A/CFNetwork
0x0000000000d5b000 	/System/Library/Frameworks/SystemConfiguration.framework/Versions/A/SystemConfiguration
0x0000000000d5b000 	/usr/lib/libCRFSuite.dylib
0x0000000000d5b000 	/usr/lib/libc++.1.dylib
0x0000000000d5b000 	/usr/lib/libc++abi.dylib
0x0000000000d5b000 	/usr/lib/system/libcache.dylib
0x0000000000d5b000 	/usr/lib/system/libcommonCrypto.dylib
0x0000000000d5b000 	/usr/lib/system/libcompiler_rt.dylib
0x0000000000d5b000 	/usr/lib/system/libcopyfile.dylib
0x0000000000d5b000 	/usr/lib/system/libcorecrypto.dylib
0x0000000000d5b000 	/usr/lib/system/libdispatch.dylib
0x0000000000d5b000 	/usr/lib/system/libdyld.dylib
0x0000000000d5b000 	/usr/lib/system/libkeymgr.dylib
0x0000000000d5b000 	/usr/lib/system/liblaunch.dylib
0x0000000000d5b000 	/usr/lib/system/libmacho.dylib
0x0000000000d5b000 	/usr/lib/system/libquarantine.dylib
0x0000000000d5b000 	/usr/lib/system/libremovefile.dylib
0x0000000000d5b000 	/usr/lib/system/libsystem_asl.dylib
0x0000000000d5b000 	/usr/lib/system/libsystem_blocks.dylib
0x0000000000d5b000 	/usr/lib/system/libsystem_c.dylib
0x0000000000d5b000 	/usr/lib/system/libsystem_configuration.dylib
0x0000000000d5b000 	/usr/lib/system/libsystem_coreservices.dylib
0x0000000000d5b000 	/usr/lib/system/libsystem_coretls.dylib
0x0000000000d5b000 	/usr/lib/system/libsystem_dnssd.dylib
0x0000000000d5b000 	/usr/lib/system/libsystem_info.dylib
0x0000000000d5b000 	/usr/lib/system/libsystem_kernel.dylib
0x0000000000d5b000 	/usr/lib/system/libsystem_m.dylib
0x0000000000d5b000 	/usr/lib/system/libsystem_malloc.dylib
0x0000000000d5b000 	/usr/lib/system/libsystem_network.dylib
0x0000000000d5b000 	/usr/lib/system/libsystem_networkextension.dylib
0x0000000000d5b000 	/usr/lib/system/libsystem_notify.dylib
0x0000000000d5b000 	/usr/lib/system/libsystem_platform.dylib
0x0000000000d5b000 	/usr/lib/system/libsystem_pthread.dylib
0x0000000000d5b000 	/usr/lib/system/libsystem_sandbox.dylib
0x0000000000d5b000 	/usr/lib/system/libsystem_secinit.dylib
0x0000000000d5b000 	/usr/lib/system/libsystem_stats.dylib
0x0000000000d5b000 	/usr/lib/system/libsystem_trace.dylib
0x0000000000d5b000 	/usr/lib/system/libunc.dylib
0x0000000000d5b000 	/usr/lib/system/libunwind.dylib
0x0000000000d5b000 	/usr/lib/system/libxpc.dylib
0x0000000000d5b000 	/usr/lib/libbz2.1.0.dylib
0x0000000000d5b000 	/usr/lib/liblzma.5.dylib
0x0000000000d5b000 	/usr/lib/libbsm.0.dylib
0x0000000000d5b000 	/usr/lib/libsqlite3.dylib
0x0000000000d5b000 	/usr/lib/system/libkxld.dylib
0x0000000000d5b000 	/usr/lib/libxar.1.dylib
0x0000000000d5b000 	/usr/lib/libpam.2.dylib
0x0000000000d5b000 	/usr/lib/libOpenScriptingUtil.dylib
0x0000000000d5b000 	/System/Library/Frameworks/CoreServices.framework/Versions/A/Frameworks/FSEvents.framework/Versions/A/FSEvents
0x0000000000d5b000 	/System/Library/Frameworks/CoreServices.framework/Versions/A/Frameworks/CarbonCore.framework/Versions/A/CarbonCore
0x0000000000d5b000 	/System/Library/Frameworks/CoreServices.framework/Versions/A/Frameworks/Metadata.framework/Versions/A/Metadata
0x0000000000d5b000 	/System/Library/Frameworks/CoreServices.framework/Versions/A/Frameworks/OSServices.framework/Versions/A/OSServices
0x0000000000d5b000 	/System/Library/Frameworks/CoreServices.framework/Versions/A/Frameworks/SearchKit.framework/Versions/A/SearchKit
0x0000000000d5b000 	/System/Library/Frameworks/CoreServices.framework/Versions/A/Frameworks/AE.framework/Versions/A/AE
0x0000000000d5b000 	/System/Library/Frameworks/CoreServices.framework/Versions/A/Frameworks/LaunchServices.framework/Versions/A/LaunchServices
0x0000000000d5b000 	/System/Library/Frameworks/CoreServices.framework/Versions/A/Frameworks/DictionaryServices.framework/Versions/A/DictionaryServices
0x0000000000d5b000 	/System/Library/Frameworks/NetFS.framework/Versions/A/NetFS
0x0000000000d5b000 	/System/Library/PrivateFrameworks/NetAuth.framework/Versions/A/NetAuth
0x0000000000d5b000 	/System/Library/PrivateFrameworks/login.framework/Versions/A/Frameworks/loginsupport.framework/Versions/A/loginsupport
0x0000000000d5b000 	/System/Library/PrivateFrameworks/TCC.framework/Versions/A/TCC
0x0000000000d5b000 	/usr/lib/libmecabra.dylib
0x0000000000d5b000 	/System/Library/Frameworks/ApplicationServices.framework/Versions/A/Frameworks/ATS.framework/Versions/A/ATS
0x0000000000d5b000 	/System/Library/Frameworks/ApplicationServices.framework/Versions/A/Frameworks/ColorSync.framework/Versions/A/ColorSync
0x0000000000d5b000 	/System/Library/Frameworks/ApplicationServices.framework/Versions/A/Frameworks/HIServices.framework/Versions/A/HIServices
0x0000000000d5b000 	/System/Library/Frameworks/ApplicationServices.framework/Versions/A/Frameworks/LangAnalysis.framework/Versions/A/LangAnalysis
0x0000000000d5b000 	/System/Library/Frameworks/ApplicationServices.framework/Versions/A/Frameworks/PrintCore.framework/Versions/A/PrintCore
0x0000000000d5b000 	/System/Library/Frameworks/ApplicationServices.framework/Versions/A/Frameworks/QD.framework/Versions/A/QD
0x0000000000d5b000 	/System/Library/Frameworks/ApplicationServices.framework/Versions/A/Frameworks/SpeechSynthesis.framework/Versions/A/SpeechSynthesis
0x0000000000d5b000 	/System/Library/Frameworks/Accelerate.framework/Versions/A/Accelerate
0x0000000000d5b000 	/System/Library/Frameworks/Accelerate.framework/Versions/A/Frameworks/vImage.framework/Versions/A/vImage
0x0000000000d5b000 	/System/Library/Frameworks/Accelerate.framework/Versions/A/Frameworks/vecLib.framework/Versions/A/vecLib
0x0000000000d5b000 	/System/Library/Frameworks/Accelerate.framework/Versions/A/Frameworks/vecLib.framework/Versions/A/libvDSP.dylib
0x0000000000d5b000 	/System/Library/Frameworks/Accelerate.framework/Versions/A/Frameworks/vecLib.framework/Versions/A/libvMisc.dylib
0x0000000000d5b000 	/System/Library/Frameworks/Accelerate.framework/Versions/A/Frameworks/vecLib.framework/Versions/A/libLAPACK.dylib
0x0000000000d5b000 	/System/Library/Frameworks/Accelerate.framework/Versions/A/Frameworks/vecLib.framework/Versions/A/libBLAS.dylib
0x0000000000d5b000 	/System/Library/Frameworks/Accelerate.framework/Versions/A/Frameworks/vecLib.framework/Versions/A/libLinearAlgebra.dylib
0x0000000000d5b000 	/System/Library/Frameworks/ApplicationServices.framework/Versions/A/Frameworks/ATS.framework/Versions/A/Resources/libFontParser.dylib
0x0000000000d5b000 	/System/Library/Frameworks/ApplicationServices.framework/Versions/A/Frameworks/ATS.framework/Versions/A/Resources/libFontRegistry.dylib
0x0000000000d5b000 	/System/Library/PrivateFrameworks/AppleVPA.framework/Versions/A/AppleVPA
0x0000000000d5b000 	/System/Library/PrivateFrameworks/AppleJPEG.framework/Versions/A/AppleJPEG
0x0000000000d5b000 	/System/Library/Frameworks/ImageIO.framework/Versions/A/Resources/libJPEG.dylib
0x0000000000d5b000 	/System/Library/Frameworks/ImageIO.framework/Versions/A/Resources/libTIFF.dylib
0x0000000000d5b000 	/System/Library/Frameworks/ImageIO.framework/Versions/A/Resources/libPng.dylib
0x0000000000d5b000 	/System/Library/Frameworks/ImageIO.framework/Versions/A/Resources/libGIF.dylib
0x0000000000d5b000 	/System/Library/Frameworks/ImageIO.framework/Versions/A/Resources/libJP2.dylib
0x0000000000d5b000 	/System/Library/Frameworks/ImageIO.framework/Versions/A/Resources/libRadiance.dylib
0x0000000000d5b000 	/System/Library/Frameworks/CoreVideo.framework/Versions/A/CoreVideo
0x0000000000d5b000 	/System/Library/Frameworks/OpenGL.framework/Versions/A/Libraries/libGLU.dylib
0x0000000000d5b000 	/System/Library/Frameworks/OpenGL.framework/Versions/A/Libraries/libGFXShared.dylib
0x0000000000d5b000 	/System/Library/Frameworks/OpenGL.framework/Versions/A/Libraries/libGL.dylib
0x0000000000d5b000 	/System/Library/Frameworks/OpenGL.framework/Versions/A/Libraries/libGLImage.dylib
0x0000000000d5b000 	/System/Library/Frameworks/OpenGL.framework/Versions/A/Libraries/libCVMSPluginSupport.dylib
0x0000000000d5b000 	/System/Library/Frameworks/OpenGL.framework/Versions/A/Libraries/libCoreVMClient.dylib
0x0000000000d5b000 	/usr/lib/libcups.2.dylib
0x0000000000d5b000 	/System/Library/Frameworks/Kerberos.framework/Versions/A/Kerberos
0x0000000000d5b000 	/System/Library/Frameworks/GSS.framework/Versions/A/GSS
0x0000000000d5b000 	/usr/lib/libresolv.9.dylib
0x0000000000d5b000 	/usr/lib/libiconv.2.dylib
0x0000000000d5b000 	/System/Library/PrivateFrameworks/Heimdal.framework/Versions/A/Heimdal
0x0000000000d5b000 	/usr/lib/libheimdal-asn1.dylib
0x0000000000d5b000 	/System/Library/Frameworks/OpenDirectory.framework/Versions/A/OpenDirectory
0x0000000000d5b000 	/System/Library/PrivateFrameworks/CommonAuth.framework/Versions/A/CommonAuth
0x0000000000d5b000 	/System/Library/Frameworks/OpenDirectory.framework/Versions/A/Frameworks/CFOpenDirectory.framework/Versions/A/CFOpenDirectory
0x0000000000d5b000 	/System/Library/Frameworks/SecurityFoundation.framework/Versions/A/SecurityFoundation
0x0000000000d5b000 	/System/Library/PrivateFrameworks/LanguageModeling.framework/Versions/A/LanguageModeling
0x0000000000d5b000 	/usr/lib/libcmph.dylib
0x0000000000d5b000 	/System/Library/Frameworks/ServiceManagement.framework/Versions/A/ServiceManagement
0x0000000000d5b000 	/usr/lib/libxslt.1.dylib
0x0000000000d5b000 	/System/Library/Frameworks/Carbon.framework/Versions/A/Frameworks/Ink.framework/Versions/A/Ink
0x0000000000d5b000 	/System/Library/Frameworks/QuartzCore.framework/Versions/A/Frameworks/CoreImage.framework/Versions/A/CoreImage
0x0000000000d5b000 	/System/Library/PrivateFrameworks/CrashReporterSupport.framework/Versions/A/CrashReporterSupport
0x0000000000d5b000 	/System/Library/Frameworks/OpenCL.framework/Versions/A/OpenCL
0x0000000000d5b000 	/System/Library/PrivateFrameworks/FaceCore.framework/Versions/A/FaceCore
0x0000000000d5b000 	/System/Library/PrivateFrameworks/Ubiquity.framework/Versions/A/Ubiquity
0x0000000000d5b000 	/System/Library/PrivateFrameworks/IconServices.framework/Versions/A/IconServices
0x0000000000d5b000 	/System/Library/PrivateFrameworks/ChunkingLibrary.framework/Versions/A/ChunkingLibrary
0x0000000000d5b000 	/System/Library/PrivateFrameworks/Apple80211.framework/Versions/A/Apple80211
0x0000000000d5b000 	/System/Library/Frameworks/CoreWLAN.framework/Versions/A/CoreWLAN
0x0000000000d5b000 	/System/Library/Frameworks/IOBluetooth.framework/Versions/A/IOBluetooth
0x0000000000d5b000 	/System/Library/PrivateFrameworks/CoreWiFi.framework/Versions/A/CoreWiFi
0x0000000000d5b000 	/System/Library/Frameworks/CoreBluetooth.framework/Versions/A/CoreBluetooth
0x0000000000d5b000 	/System/Library/PrivateFrameworks/DebugSymbols.framework/Versions/A/DebugSymbols
0x0000000000d5b000 	/System/Library/PrivateFrameworks/CoreSymbolication.framework/Versions/A/CoreSymbolication
0x0000000000d5b000 	/System/Library/PrivateFrameworks/Symbolication.framework/Versions/A/Symbolication
0x0000000000d5b000 	/System/Library/PrivateFrameworks/SpeechRecognitionCore.framework/Versions/A/SpeechRecognitionCore
0x000000010cc00000 	/Library/Java/JavaVirtualMachines/jdk1.8.0_73.jdk/Contents/Home/jre/lib/server/libjvm.dylib
0x0000000000d5b000 	/usr/lib/libstdc++.6.dylib
0x000000010bba5000 	/Library/Java/JavaVirtualMachines/jdk1.8.0_73.jdk/Contents/Home/jre/lib/libverify.dylib
0x000000010bbb3000 	/Library/Java/JavaVirtualMachines/jdk1.8.0_73.jdk/Contents/Home/jre/lib/libjava.dylib
0x000000010db8d000 	/Library/Java/JavaVirtualMachines/jdk1.8.0_73.jdk/Contents/Home/jre/lib/libjdwp.dylib
0x000000010bbe9000 	/Library/Java/JavaVirtualMachines/jdk1.8.0_73.jdk/Contents/Home/jre/lib/libnpt.dylib
0x000000010bbf6000 	/Library/Java/JavaVirtualMachines/jdk1.8.0_73.jdk/Contents/Home/jre/lib/libzip.dylib
0x00000001297ae000 	/System/Library/Frameworks/JavaVM.framework/Frameworks/JavaRuntimeSupport.framework/JavaRuntimeSupport
0x00000001297c6000 	/System/Library/Frameworks/JavaVM.framework/Versions/A/Frameworks/JavaNativeFoundation.framework/Versions/A/JavaNativeFoundation
0x00000001297db000 	/System/Library/Frameworks/JavaVM.framework/Versions/A/JavaVM
0x0000000000d5b000 	/System/Library/Frameworks/Carbon.framework/Versions/A/Carbon
0x00000001297e8000 	/System/Library/PrivateFrameworks/JavaLaunching.framework/Versions/A/JavaLaunching
0x0000000000d5b000 	/System/Library/Frameworks/Carbon.framework/Versions/A/Frameworks/CommonPanels.framework/Versions/A/CommonPanels
0x0000000000d5b000 	/System/Library/Frameworks/Carbon.framework/Versions/A/Frameworks/Help.framework/Versions/A/Help
0x0000000000d5b000 	/System/Library/Frameworks/Carbon.framework/Versions/A/Frameworks/ImageCapture.framework/Versions/A/ImageCapture
0x0000000000d5b000 	/System/Library/Frameworks/Carbon.framework/Versions/A/Frameworks/OpenScripting.framework/Versions/A/OpenScripting
0x0000000000d5b000 	/System/Library/Frameworks/Carbon.framework/Versions/A/Frameworks/Print.framework/Versions/A/Print
0x0000000000d5b000 	/System/Library/Frameworks/Carbon.framework/Versions/A/Frameworks/SecurityHI.framework/Versions/A/SecurityHI
0x000000012b1d9000 	/Library/Java/JavaVirtualMachines/jdk1.8.0_73.jdk/Contents/Home/jre/lib/libdt_socket.dylib
0x000000012bd74000 	/Library/Java/JavaVirtualMachines/jdk1.8.0_73.jdk/Contents/Home/jre/lib/libmanagement.dylib
0x000000012bdbb000 	/Library/Java/JavaVirtualMachines/jdk1.8.0_73.jdk/Contents/Home/jre/lib/libnet.dylib
0x000000012bdf3000 	/Library/Java/JavaVirtualMachines/jdk1.8.0_73.jdk/Contents/Home/jre/lib/libnio.dylib

VM Arguments:
jvm_args: -agentlib:jdwp=transport=dt_socket,suspend=y,address=localhost:51109 -Dfile.encoding=UTF-8 
java_command: org.ws.web.ChallengeApplication
java_class_path (initial): /Users/ankur.saran/dev/challenge/challenge/bin:/Users/ankur.saran/.gradle/caches/modules-2/files-2.1/commons-dbcp/commons-dbcp/1.4/30be73c965cc990b153a100aaaaafcf239f82d39/commons-dbcp-1.4.jar:/Users/ankur.saran/.gradle/caches/modules-2/files-2.1/org.springframework.boot/spring-boot-starter-thymeleaf/1.4.4.RELEASE/43394238fa5cb949fc7d10e95a85a2b242ce286/spring-boot-starter-thymeleaf-1.4.4.RELEASE.jar:/Users/ankur.saran/.gradle/caches/modules-2/files-2.1/org.springframework/spring-jdbc/4.3.6.RELEASE/6b7855cfbc636dff3d902f4f335fc69e7309d55c/spring-jdbc-4.3.6.RELEASE.jar:/Users/ankur.saran/.gradle/caches/modules-2/files-2.1/com.h2database/h2/1.4.193/369b51e2090c4e6714d9d5e42010b6330c2cea26/h2-1.4.193.jar:/Users/ankur.saran/.gradle/caches/modules-2/files-2.1/org.springframework.boot/spring-boot-starter-security/1.4.4.RELEASE/3c89daa21778b4c8d2c76320e3320e25518c9394/spring-boot-starter-security-1.4.4.RELEASE.jar:/Users/ankur.saran/.gradle/caches/modules-2/files-2.1/org.springframework.boot/spring-boot-starter-web/1.4.4.RELEASE/66f844bd63c9a02b57d0eaebeb58a124cce9bba9/spring-boot-starter-web-1.4.4.RELEASE.jar:/Users/ankur.saran/.gradle/caches/modules-2/files-2.1/org.springframework.boot/spring-boot-devtools/1.4.4.RELEASE/23fc0debe869336f40bbfd9cb89cfcf7c9eca05f/spring-boot-devtools-1.4.4.RELEASE.jar:/Users/ankur.saran/.gradle/caches/modules-2/files-2.1/org.springframework.boot/spring-boot-starter-test/1.4.4.RELEASE/7598ceb4ddb2d3ed6bcb1f3f1344e15fbe14e0c8/spring-boot-starter-test-1.4.4.RELEASE.jar:/Users/ankur.saran/.gradle/caches/modules-2/files-2.1/commons-pool/commons-pool/1.6/4572d589699f09d866a226a14b7f4323c6d8f040/commons-pool-1.6.jar:/Users/ankur.saran/.gradle/caches/modules-2/files-2.1/org.springframework.boot/spring-boot-starter/1.4.4.RELEASE/71348c5eb769898f5fb43778cc3b2b41cd47ed85/spring-boot-starter-1.4.4.RELEASE.jar:/Users/ankur.saran/.gradle/caches/modules-2/files-2.1/org.thymeleaf/thymeleaf-spring4/2.1.5.RELEASE/74cb9028e99597b5
Launcher Type: SUN_STANDARD

Environment Variables:
JAVA_HOME=/Library/Java/JavaVirtualMachines/jdk1.8.0_31.jdk/Contents/Home
PATH=/usr/local/bin:/usr/bin:/bin:/usr/sbin:/sbin:/usr/local/homebrew/Cellar/ant/1.9.4/libexec/bin:/Library/Java/JavaVirtualMachines/jdk1.8.0_31.jdk/Contents/Home/bin:/Users/ankur.saran/npm:/Users/ankur.saran/npm/lib/node_modules:/Users/ankur.saran/npm/lib
SHELL=/bin/bash

Signal Handlers:
SIGSEGV: [libjvm.dylib+0x5a71a5], sa_mask[0]=11111111011111110111111111111111, sa_flags=SA_ONSTACK|SA_RESTART|SA_SIGINFO
SIGBUS: [libjvm.dylib+0x5a71a5], sa_mask[0]=11111111011111110111111111111111, sa_flags=SA_RESTART|SA_SIGINFO
SIGFPE: [libjvm.dylib+0x480eb4], sa_mask[0]=11111111011111110111111111111111, sa_flags=SA_RESTART|SA_SIGINFO
SIGPIPE: [libjvm.dylib+0x480eb4], sa_mask[0]=11111111011111110111111111111111, sa_flags=SA_RESTART|SA_SIGINFO
SIGXFSZ: [libjvm.dylib+0x480eb4], sa_mask[0]=11111111011111110111111111111111, sa_flags=SA_RESTART|SA_SIGINFO
SIGILL: [libjvm.dylib+0x480eb4], sa_mask[0]=11111111011111110111111111111111, sa_flags=SA_RESTART|SA_SIGINFO
SIGUSR1: SIG_DFL, sa_mask[0]=00000000000000000000000000000000, sa_flags=none
SIGUSR2: [libjvm.dylib+0x4809d2], sa_mask[0]=00100000000000000000000000000000, sa_flags=SA_RESTART|SA_SIGINFO
SIGHUP: [libjvm.dylib+0x47efa9], sa_mask[0]=11111111011111110111111111111111, sa_flags=SA_RESTART|SA_SIGINFO
SIGINT: [libjvm.dylib+0x47efa9], sa_mask[0]=11111111011111110111111111111111, sa_flags=SA_RESTART|SA_SIGINFO
SIGTERM: [libjvm.dylib+0x47efa9], sa_mask[0]=11111111011111110111111111111111, sa_flags=SA_RESTART|SA_SIGINFO
SIGQUIT: [libjvm.dylib+0x47efa9], sa_mask[0]=11111111011111110111111111111111, sa_flags=SA_RESTART|SA_SIGINFO


---------------  S Y S T E M  ---------------

OS:Bsduname:Darwin 14.5.0 Darwin Kernel Version 14.5.0: Sun Sep 25 22:07:15 PDT 2016; root:xnu-2782.50.9~1/RELEASE_X86_64 x86_64
rlimit: STACK 8192k, CORE 0k, NPROC 709, NOFILE 10240, AS infinity
load average:2.33 2.57 2.58

CPU:total 8 (4 cores per cpu, 2 threads per core) family 6 model 70 stepping 1, cmov, cx8, fxsr, mmx, sse, sse2, sse3, ssse3, sse4.1, sse4.2, popcnt, avx, avx2, aes, clmul, erms, rtm, lzcnt, ht, tsc, tscinvbit, bmi1, bmi2

Memory: 4k page, physical 16777216k(52580k free)

/proc/meminfo:


vm_info: Java HotSpot(TM) 64-Bit Server VM (25.73-b02) for bsd-amd64 JRE (1.8.0_73-b02), built on Jan 29 2016 15:02:00 by "java_re" with gcc 4.2.1 (Based on Apple Inc. build 5658) (LLVM build 2336.11.00)

time: Sun Apr 30 15:55:47 2017
elapsed time: 99 seconds (0d 0h 1m 39s)

