#
# A fatal error has been detected by the Java Runtime Environment:
#
#  SIGSEGV (0xb) at pc=0x000000010dc46d7c, pid=90452, tid=18691
#
# JRE version: Java(TM) SE Runtime Environment (8.0_73-b02) (build 1.8.0_73-b02)
# Java VM: Java HotSpot(TM) 64-Bit Server VM (25.73-b02 mixed mode bsd-amd64 compressed oops)
# Problematic frame:
# V  [libjvm.dylib+0x446d7c]  Method::checked_resolve_jmethod_id(_jmethodID*)+0xe
#
# Failed to write core dump. Core dumps have been disabled. To enable core dumping, try "ulimit -c unlimited" before starting Java again
#
# If you would like to submit a bug report, please visit:
#   http://bugreport.java.com/bugreport/crash.jsp
#

---------------  T H R E A D  ---------------

Current thread (0x00007ffa4a030800):  JavaThread "JDWP Transport Listener: dt_socket" daemon [_thread_in_vm, id=18691, stack(0x000000012be75000,0x000000012bf75000)]

siginfo: si_signo: 11 (SIGSEGV), si_code: 0 (unknown), si_addr: 0x0000000000000000

Registers:
RAX=0x0000000000000001, RBX=0x000000012bf74a8b, RCX=0x000000010e015340, RDX=0x000000012bf74a8b
RSP=0x000000012bf749d0, RBP=0x000000012bf749e0, RSI=0x00007ffa4a030800, RDI=0x2f00495b293b7061
R8 =0x0000000000000001, R9 =0x00007ffa4b700000, R10=0x0000000000000020, R11=0x00007ffa4b700000
R12=0x00007ffa4a030800, R13=0x2f00495b293b7061, R14=0x2f00495b293b7061, R15=0x00007ffa4941d940
RIP=0x000000010dc46d7c, EFLAGS=0x0000000000010202, ERR=0x0000000000000000
  TRAPNO=0x000000000000000d

Top of Stack: (sp=0x000000012bf749d0)
0x000000012bf749d0:   000000012bf74a8b 000000012bf74a8b
0x000000012bf749e0:   000000012bf74a40 000000010db55dda
0x000000012bf749f0:   00007ffa4a030800 0000000000000000
0x000000012bf74a00:   0000000000000000 0000000000000000
0x000000012bf74a10:   00007ffa4a030800 00007ffa4a030800
0x000000012bf74a20:   000000012bf74a8b 000000012bf74a90
0x000000012bf74a30:   2f00495b293b7061 0000000000000006
0x000000012bf74a40:   000000012bf74a60 000000010c79a780
0x000000012bf74a50:   0000000000000001 000000012bf74b08
0x000000012bf74a60:   000000012bf74ad0 000000010c77f1f3
0x000000012bf74a70:   000000012bf74aa0 00007ffa4b76cef0
0x000000012bf74a80:   0000000a00000032 0000000100f74b08
0x000000012bf74a90:   0000000000000000 0000000000000000
0x000000012bf74aa0:   0000000000000000 000000012bf74c90
0x000000012bf74ab0:   000000010c7a1e7a 00007ffa4b7660e0
0x000000012bf74ac0:   000000012bf74b08 000000010c7ad598
0x000000012bf74ad0:   000000012bf74ae0 000000010c77f2ec
0x000000012bf74ae0:   000000012bf74d00 000000010c788898
0x000000012bf74af0:   00007e8300000013 00000000000f0200
0x000000012bf74b00:   00007ffa4b76cc10 00007ffa4b76d17c
0x000000012bf74b10:   00007ffa000000fc 00007ffa4b76cf90
0x000000012bf74b20:   00007ffa0000012c 000000012bf74b58
0x000000012bf74b30:   00007ffa4b76cf90 00007f0000000000
0x000000012bf74b40:   00007e830000001c 00007fff0000b780
0x000000012bf74b50:   000000012bf74b58 fa7f00000a000000
0x000000012bf74b60:   06000000305e6349 00003e74696e693c
0x000000012bf74b70:   2f67726f4c284800 7266676e69727073
0x000000012bf74b80:   2f6b726f77656d61 726f632f6362646a
0x000000012bf74b90:   7064656d616e2f65 6d614e2f6d617261
0x000000012bf74ba0:   656d617261506465 546362644a726574
0x000000012bf74bb0:   3b6574616c706d65 0000000000005629
0x000000012bf74bc0:   6349fa7f00000100 656709000000805e 

Instructions: (pc=0x000000010dc46d7c)
0x000000010dc46d5c:   40 48 48 85 c0 75 e0 30 c0 0f b6 c0 5d c3 31 c0
0x000000010dc46d6c:   5d c3 55 48 89 e5 53 48 83 ec 08 48 85 ff 74 24
0x000000010dc46d7c:   48 8b 1f 48 85 db 74 1c 48 83 fb 37 74 16 48 8b
0x000000010dc46d8c:   03 48 89 df ff 50 10 84 c0 b8 00 00 00 00 48 0f 

Register to memory mapping:

RAX=0x0000000000000001 is an unknown value
RBX=0x000000012bf74a8b is pointing into the stack for thread: 0x00007ffa4a030800
RCX=0x000000010e015340: UseMembar+0 in /Library/Java/JavaVirtualMachines/jdk1.8.0_73.jdk/Contents/Home/jre/lib/server/libjvm.dylib at 0x000000010d800000
RDX=0x000000012bf74a8b is pointing into the stack for thread: 0x00007ffa4a030800
RSP=0x000000012bf749d0 is pointing into the stack for thread: 0x00007ffa4a030800
RBP=0x000000012bf749e0 is pointing into the stack for thread: 0x00007ffa4a030800
RSI=0x00007ffa4a030800 is a thread
RDI=0x2f00495b293b7061 is an unknown value
R8 =0x0000000000000001 is an unknown value
R9 =0x00007ffa4b700000 is an unknown value
R10=0x0000000000000020 is an unknown value
R11=0x00007ffa4b700000 is an unknown value
R12=0x00007ffa4a030800 is a thread
R13=0x2f00495b293b7061 is an unknown value
R14=0x2f00495b293b7061 is an unknown value
R15=0x00007ffa4941d940 is an unknown value


Stack: [0x000000012be75000,0x000000012bf75000],  sp=0x000000012bf749d0,  free space=1022k
Native frames: (J=compiled Java code, j=interpreted, Vv=VM code, C=native code)
V  [libjvm.dylib+0x446d7c]  Method::checked_resolve_jmethod_id(_jmethodID*)+0xe
V  [libjvm.dylib+0x355dda]  jvmti_IsMethodSynthetic+0xb2
C  [libjdwp.dylib+0x20780]  isMethodSynthetic+0x63
C  [libjdwp.dylib+0x51f3]  methods1+0x10b
C  [libjdwp.dylib+0x52ec]  methodsWithGeneric+0xe
C  [libjdwp.dylib+0xe898]  debugLoop_run+0x1ce
C  [libjdwp.dylib+0x1f6ba]  attachThread+0x4d
V  [libjvm.dylib+0x397138]  JvmtiAgentThread::call_start_function()+0x38
V  [libjvm.dylib+0x561753]  JavaThread::thread_main_inner()+0x9b
V  [libjvm.dylib+0x562e4e]  JavaThread::run()+0x1c2
V  [libjvm.dylib+0x4838a2]  java_start(Thread*)+0xf6
C  [libsystem_pthread.dylib+0x405a]  _pthread_body+0x83
C  [libsystem_pthread.dylib+0x3fd7]  _pthread_body+0x0
C  [libsystem_pthread.dylib+0x13ed]  thread_start+0xd
C  0x0000000000000000


---------------  P R O C E S S  ---------------

Java Threads: ( => current thread )
  0x00007ffa51d0a800 JavaThread "http-nio-8080-exec-10" daemon [_thread_blocked, id=31747, stack(0x000000012ee97000,0x000000012ef97000)]
  0x00007ffa52a66800 JavaThread "http-nio-8080-exec-9" daemon [_thread_blocked, id=31235, stack(0x000000012dbe4000,0x000000012dce4000)]
  0x00007ffa5510c000 JavaThread "http-nio-8080-exec-8" daemon [_thread_blocked, id=25095, stack(0x000000012dae1000,0x000000012dbe1000)]
  0x00007ffa4a83c800 JavaThread "http-nio-8080-exec-7" daemon [_thread_blocked, id=24839, stack(0x000000012ca0f000,0x000000012cb0f000)]
  0x00007ffa4d261800 JavaThread "http-nio-8080-exec-6" daemon [_thread_blocked, id=30723, stack(0x000000012ea34000,0x000000012eb34000)]
  0x00007ffa5509f800 JavaThread "http-nio-8080-exec-5" daemon [_thread_blocked, id=24071, stack(0x000000012e2da000,0x000000012e3da000)]
  0x00007ffa4fe83800 JavaThread "http-nio-8080-exec-4" daemon [_thread_blocked, id=23559, stack(0x000000012df23000,0x000000012e023000)]
  0x00007ffa54000000 JavaThread "http-nio-8080-exec-3" daemon [_thread_blocked, id=14855, stack(0x000000012d369000,0x000000012d469000)]
  0x00007ffa532c9000 JavaThread "http-nio-8080-exec-2" daemon [_thread_blocked, id=16135, stack(0x000000012ce30000,0x000000012cf30000)]
  0x00007ffa4fb4e000 JavaThread "http-nio-8080-exec-1" daemon [_thread_blocked, id=14347, stack(0x000000012a48d000,0x000000012a58d000)]
  0x00007ffa51d3a000 JavaThread "DestroyJavaVM" [_thread_blocked, id=4867, stack(0x000000010e78e000,0x000000010e88e000)]
  0x00007ffa51d39000 JavaThread "http-nio-8080-AsyncTimeout" daemon [_thread_blocked, id=29955, stack(0x0000000132851000,0x0000000132951000)]
  0x00007ffa4a8af800 JavaThread "http-nio-8080-Acceptor-0" daemon [_thread_in_native, id=29443, stack(0x000000013274e000,0x000000013284e000)]
  0x00007ffa4b914000 JavaThread "http-nio-8080-ClientPoller-1" daemon [_thread_in_native, id=28931, stack(0x000000013264b000,0x000000013274b000)]
  0x00007ffa4a16a800 JavaThread "http-nio-8080-ClientPoller-0" daemon [_thread_in_native, id=28419, stack(0x00000001316dd000,0x00000001317dd000)]
  0x00007ffa4cde8800 JavaThread "NioBlockingSelector.BlockPoller-1" daemon [_thread_in_native, id=27907, stack(0x0000000130c7e000,0x0000000130d7e000)]
  0x00007ffa4a48a800 JavaThread "Live Reload Server" daemon [_thread_in_native, id=27399, stack(0x000000012ffa0000,0x00000001300a0000)]
  0x00007ffa5313a000 JavaThread "File Watcher" daemon [_thread_blocked, id=26887, stack(0x000000012fe9d000,0x000000012ff9d000)]
  0x00007ffa4d5b3000 JavaThread "Tomcat JDBC Pool Cleaner[349885916:1493702568207]" daemon [_thread_blocked, id=26371, stack(0x000000013097b000,0x0000000130a7b000)]
  0x00007ffa4a59e000 JavaThread "container-0" [_thread_blocked, id=25859, stack(0x000000012ed94000,0x000000012ee94000)]
  0x00007ffa4bcff000 JavaThread "ContainerBackgroundProcessor[StandardEngine[Tomcat]]" daemon [_thread_blocked, id=25347, stack(0x000000012e44f000,0x000000012e54f000)]
  0x00007ffa4983c000 JavaThread "Service Thread" daemon [_thread_blocked, id=22275, stack(0x000000012c58a000,0x000000012c68a000)]
  0x00007ffa4a041800 JavaThread "C1 CompilerThread3" daemon [_thread_blocked, id=21763, stack(0x000000012c487000,0x000000012c587000)]
  0x00007ffa4a040800 JavaThread "C2 CompilerThread2" daemon [_thread_blocked, id=21251, stack(0x000000012c384000,0x000000012c484000)]
  0x00007ffa4a040000 JavaThread "C2 CompilerThread1" daemon [_thread_blocked, id=20739, stack(0x000000012c281000,0x000000012c381000)]
  0x00007ffa4c010800 JavaThread "C2 CompilerThread0" daemon [_thread_blocked, id=20227, stack(0x000000012c17e000,0x000000012c27e000)]
  0x00007ffa4d000000 JavaThread "JDWP Command Reader" daemon [_thread_in_native, id=19715, stack(0x000000012c07b000,0x000000012c17b000)]
  0x00007ffa4b80b800 JavaThread "JDWP Event Helper Thread" daemon [_thread_blocked, id=19203, stack(0x000000012bf78000,0x000000012c078000)]
=>0x00007ffa4a030800 JavaThread "JDWP Transport Listener: dt_socket" daemon [_thread_in_vm, id=18691, stack(0x000000012be75000,0x000000012bf75000)]
  0x00007ffa4a03b800 JavaThread "Signal Dispatcher" daemon [_thread_blocked, id=15383, stack(0x000000012bd6b000,0x000000012be6b000)]
  0x00007ffa4c005000 JavaThread "Finalizer" daemon [_thread_blocked, id=13571, stack(0x000000012a344000,0x000000012a444000)]
  0x00007ffa4c833000 JavaThread "Reference Handler" daemon [_thread_blocked, id=13059, stack(0x000000012a241000,0x000000012a341000)]

Other Threads:
  0x00007ffa4c830800 VMThread [stack: 0x000000012a13e000,0x000000012a23e000] [id=12547]
  0x00007ffa4c83d000 WatcherThread [stack: 0x000000012c68d000,0x000000012c78d000] [id=22787]

VM state:not at safepoint (normal execution)

VM Mutex/Monitor currently owned by a thread: None

Heap:
 PSYoungGen      total 215040K, used 104459K [0x000000076ab00000, 0x000000077fa80000, 0x00000007c0000000)
  eden space 199680K, 52% used [0x000000076ab00000,0x0000000771102d00,0x0000000776e00000)
  from space 15360K, 0% used [0x0000000776e00000,0x0000000776e00000,0x0000000777d00000)
  to   space 15872K, 0% used [0x000000077eb00000,0x000000077eb00000,0x000000077fa80000)
 ParOldGen       total 166400K, used 24351K [0x00000006c0000000, 0x00000006ca280000, 0x000000076ab00000)
  object space 166400K, 14% used [0x00000006c0000000,0x00000006c17c7e30,0x00000006ca280000)
 Metaspace       used 39419K, capacity 39816K, committed 40192K, reserved 1085440K
  class space    used 4730K, capacity 4851K, committed 4864K, reserved 1048576K

Card table byte_map: [0x000000011dc50000,0x000000011e451000] byte_map_base: 0x000000011a650000

Marking Bits: (ParMarkBitMap*) 0x000000010e0e3ea0
 Begin Bits: [0x000000011f1bf000, 0x00000001231bf000)
 End Bits:   [0x00000001231bf000, 0x00000001271bf000)

Polling page: 0x000000010c779000

CodeCache: size=245760Kb used=15802Kb max_used=15802Kb free=229957Kb
 bounds [0x000000010e890000, 0x000000010f820000, 0x000000011d890000]
 total_blobs=4543 nmethods=4092 adapters=372
 compilation: enabled

Compilation events (10 events):
Event: 275.611 Thread 0x00007ffa4a041800 4925   !   3       org.apache.catalina.connector.Request::notifyAttributeRemoved (142 bytes)
Event: 275.612 Thread 0x00007ffa4a041800 nmethod 4925 0x000000010f811750 code [0x000000010f811a00, 0x000000010f812b48]
Event: 275.612 Thread 0x00007ffa4a041800 4921       3       java.lang.Double::parseDouble (5 bytes)
Event: 275.612 Thread 0x00007ffa4a041800 nmethod 4921 0x000000010f809a10 code [0x000000010f809ba0, 0x000000010f809e18]
Event: 275.612 Thread 0x00007ffa4a041800 4922       3       sun.misc.FloatingDecimal::parseDouble (10 bytes)
Event: 275.612 Thread 0x00007ffa4a041800 nmethod 4922 0x000000010f809590 code [0x000000010f809700, 0x000000010f809938]
Event: 278.085 Thread 0x00007ffa4a041800 4926       3       java.util.concurrent.locks.AbstractQueuedSynchronizer$ConditionObject::signal (33 bytes)
Event: 278.086 Thread 0x00007ffa4a041800 nmethod 4926 0x000000010f813550 code [0x000000010f813700, 0x000000010f813a88]
Event: 278.086 Thread 0x00007ffa4a041800 4927       3       java.util.concurrent.locks.ReentrantLock$Sync::isHeldExclusively (16 bytes)
Event: 278.086 Thread 0x00007ffa4a041800 nmethod 4927 0x000000010f809110 code [0x000000010f809280, 0x000000010f8094f0]

GC Heap History (10 events):
Event: 1.601 GC heap before
{Heap before GC invocations=5 (full 1):
 PSYoungGen      total 141824K, used 10743K [0x000000076ab00000, 0x0000000774000000, 0x00000007c0000000)
  eden space 131072K, 0% used [0x000000076ab00000,0x000000076ab00000,0x0000000772b00000)
  from space 10752K, 99% used [0x0000000773580000,0x0000000773ffdf48,0x0000000774000000)
  to   space 10752K, 0% used [0x0000000772b00000,0x0000000772b00000,0x0000000773580000)
 ParOldGen       total 175104K, used 2214K [0x00000006c0000000, 0x00000006cab00000, 0x000000076ab00000)
  object space 175104K, 1% used [0x00000006c0000000,0x00000006c0229a98,0x00000006cab00000)
 Metaspace       used 20813K, capacity 21100K, committed 21296K, reserved 1069056K
  class space    used 2537K, capacity 2606K, committed 2688K, reserved 1048576K
Event: 1.628 GC heap after
Heap after GC invocations=5 (full 1):
 PSYoungGen      total 141824K, used 0K [0x000000076ab00000, 0x0000000774000000, 0x00000007c0000000)
  eden space 131072K, 0% used [0x000000076ab00000,0x000000076ab00000,0x0000000772b00000)
  from space 10752K, 0% used [0x0000000773580000,0x0000000773580000,0x0000000774000000)
  to   space 10752K, 0% used [0x0000000772b00000,0x0000000772b00000,0x0000000773580000)
 ParOldGen       total 105472K, used 10821K [0x00000006c0000000, 0x00000006c6700000, 0x000000076ab00000)
  object space 105472K, 10% used [0x00000006c0000000,0x00000006c0a916d0,0x00000006c6700000)
 Metaspace       used 20813K, capacity 21100K, committed 21296K, reserved 1069056K
  class space    used 2537K, capacity 2606K, committed 2688K, reserved 1048576K
}
Event: 2.726 GC heap before
{Heap before GC invocations=6 (full 1):
 PSYoungGen      total 141824K, used 131072K [0x000000076ab00000, 0x0000000774000000, 0x00000007c0000000)
  eden space 131072K, 100% used [0x000000076ab00000,0x0000000772b00000,0x0000000772b00000)
  from space 10752K, 0% used [0x0000000773580000,0x0000000773580000,0x0000000774000000)
  to   space 10752K, 0% used [0x0000000772b00000,0x0000000772b00000,0x0000000773580000)
 ParOldGen       total 105472K, used 10821K [0x00000006c0000000, 0x00000006c6700000, 0x000000076ab00000)
  object space 105472K, 10% used [0x00000006c0000000,0x00000006c0a916d0,0x00000006c6700000)
 Metaspace       used 27775K, capacity 28138K, committed 28416K, reserved 1075200K
  class space    used 3394K, capacity 3514K, committed 3584K, reserved 1048576K
Event: 2.735 GC heap after
Heap after GC invocations=6 (full 1):
 PSYoungGen      total 141824K, used 10743K [0x000000076ab00000, 0x0000000778a00000, 0x00000007c0000000)
  eden space 131072K, 0% used [0x000000076ab00000,0x000000076ab00000,0x0000000772b00000)
  from space 10752K, 99% used [0x0000000772b00000,0x000000077357dd58,0x0000000773580000)
  to   space 12800K, 0% used [0x0000000777d80000,0x0000000777d80000,0x0000000778a00000)
 ParOldGen       total 105472K, used 10845K [0x00000006c0000000, 0x00000006c6700000, 0x000000076ab00000)
  object space 105472K, 10% used [0x00000006c0000000,0x00000006c0a976d0,0x00000006c6700000)
 Metaspace       used 27775K, capacity 28138K, committed 28416K, reserved 1075200K
  class space    used 3394K, capacity 3514K, committed 3584K, reserved 1048576K
}
Event: 3.714 GC heap before
{Heap before GC invocations=7 (full 1):
 PSYoungGen      total 141824K, used 141815K [0x000000076ab00000, 0x0000000778a00000, 0x00000007c0000000)
  eden space 131072K, 100% used [0x000000076ab00000,0x0000000772b00000,0x0000000772b00000)
  from space 10752K, 99% used [0x0000000772b00000,0x000000077357dd58,0x0000000773580000)
  to   space 12800K, 0% used [0x0000000777d80000,0x0000000777d80000,0x0000000778a00000)
 ParOldGen       total 105472K, used 10845K [0x00000006c0000000, 0x00000006c6700000, 0x000000076ab00000)
  object space 105472K, 10% used [0x00000006c0000000,0x00000006c0a976d0,0x00000006c6700000)
 Metaspace       used 33728K, capacity 34112K, committed 34560K, reserved 1079296K
  class space    used 4112K, capacity 4259K, committed 4352K, reserved 1048576K
Event: 3.727 GC heap after
Heap after GC invocations=7 (full 1):
 PSYoungGen      total 212480K, used 12784K [0x000000076ab00000, 0x0000000778c00000, 0x00000007c0000000)
  eden space 199680K, 0% used [0x000000076ab00000,0x000000076ab00000,0x0000000776e00000)
  from space 12800K, 99% used [0x0000000777d80000,0x00000007789fc058,0x0000000778a00000)
  to   space 15360K, 0% used [0x0000000776e00000,0x0000000776e00000,0x0000000777d00000)
 ParOldGen       total 105472K, used 13568K [0x00000006c0000000, 0x00000006c6700000, 0x000000076ab00000)
  object space 105472K, 12% used [0x00000006c0000000,0x00000006c0d403c8,0x00000006c6700000)
 Metaspace       used 33728K, capacity 34112K, committed 34560K, reserved 1079296K
  class space    used 4112K, capacity 4259K, committed 4352K, reserved 1048576K
}
Event: 4.029 GC heap before
{Heap before GC invocations=8 (full 1):
 PSYoungGen      total 212480K, used 65971K [0x000000076ab00000, 0x0000000778c00000, 0x00000007c0000000)
  eden space 199680K, 26% used [0x000000076ab00000,0x000000076def0d78,0x0000000776e00000)
  from space 12800K, 99% used [0x0000000777d80000,0x00000007789fc058,0x0000000778a00000)
  to   space 15360K, 0% used [0x0000000776e00000,0x0000000776e00000,0x0000000777d00000)
 ParOldGen       total 105472K, used 13568K [0x00000006c0000000, 0x00000006c6700000, 0x000000076ab00000)
  object space 105472K, 12% used [0x00000006c0000000,0x00000006c0d403c8,0x00000006c6700000)
 Metaspace       used 34812K, capacity 35148K, committed 35456K, reserved 1081344K
  class space    used 4256K, capacity 4389K, committed 4480K, reserved 1048576K
Event: 4.039 GC heap after
Heap after GC invocations=8 (full 1):
 PSYoungGen      total 215040K, used 14263K [0x000000076ab00000, 0x000000077fa80000, 0x00000007c0000000)
  eden space 199680K, 0% used [0x000000076ab00000,0x000000076ab00000,0x0000000776e00000)
  from space 15360K, 92% used [0x0000000776e00000,0x0000000777bedfd0,0x0000000777d00000)
  to   space 15872K, 0% used [0x000000077eb00000,0x000000077eb00000,0x000000077fa80000)
 ParOldGen       total 105472K, used 13576K [0x00000006c0000000, 0x00000006c6700000, 0x000000076ab00000)
  object space 105472K, 12% used [0x00000006c0000000,0x00000006c0d423c8,0x00000006c6700000)
 Metaspace       used 34812K, capacity 35148K, committed 35456K, reserved 1081344K
  class space    used 4256K, capacity 4389K, committed 4480K, reserved 1048576K
}
Event: 4.039 GC heap before
{Heap before GC invocations=9 (full 2):
 PSYoungGen      total 215040K, used 14263K [0x000000076ab00000, 0x000000077fa80000, 0x00000007c0000000)
  eden space 199680K, 0% used [0x000000076ab00000,0x000000076ab00000,0x0000000776e00000)
  from space 15360K, 92% used [0x0000000776e00000,0x0000000777bedfd0,0x0000000777d00000)
  to   space 15872K, 0% used [0x000000077eb00000,0x000000077eb00000,0x000000077fa80000)
 ParOldGen       total 105472K, used 13576K [0x00000006c0000000, 0x00000006c6700000, 0x000000076ab00000)
  object space 105472K, 12% used [0x00000006c0000000,0x00000006c0d423c8,0x00000006c6700000)
 Metaspace       used 34812K, capacity 35148K, committed 35456K, reserved 1081344K
  class space    used 4256K, capacity 4389K, committed 4480K, reserved 1048576K
Event: 4.102 GC heap after
Heap after GC invocations=9 (full 2):
 PSYoungGen      total 215040K, used 0K [0x000000076ab00000, 0x000000077fa80000, 0x00000007c0000000)
  eden space 199680K, 0% used [0x000000076ab00000,0x000000076ab00000,0x0000000776e00000)
  from space 15360K, 0% used [0x0000000776e00000,0x0000000776e00000,0x0000000777d00000)
  to   space 15872K, 0% used [0x000000077eb00000,0x000000077eb00000,0x000000077fa80000)
 ParOldGen       total 166400K, used 24351K [0x00000006c0000000, 0x00000006ca280000, 0x000000076ab00000)
  object space 166400K, 14% used [0x00000006c0000000,0x00000006c17c7e30,0x00000006ca280000)
 Metaspace       used 34808K, capacity 35142K, committed 35456K, reserved 1081344K
  class space    used 4256K, capacity 4388K, committed 4480K, reserved 1048576K
}

Deoptimization events (10 events):
Event: 202.104 Thread 0x00007ffa4d261800 Uncommon trap: reason=unhandled action=none pc=0x000000010e9e2368 method=java.net.URLClassLoader.findClass(Ljava/lang/String;)Ljava/lang/Class; @ 44
Event: 202.105 Thread 0x00007ffa4d261800 Uncommon trap: reason=unhandled action=none pc=0x000000010e9e2368 method=java.net.URLClassLoader.findClass(Ljava/lang/String;)Ljava/lang/Class; @ 44
Event: 202.131 Thread 0x00007ffa4d261800 Uncommon trap: reason=unhandled action=none pc=0x000000010e9e2368 method=java.net.URLClassLoader.findClass(Ljava/lang/String;)Ljava/lang/Class; @ 44
Event: 202.133 Thread 0x00007ffa4d261800 Uncommon trap: reason=unhandled action=none pc=0x000000010e9e2368 method=java.net.URLClassLoader.findClass(Ljava/lang/String;)Ljava/lang/Class; @ 44
Event: 202.139 Thread 0x00007ffa4d261800 Uncommon trap: reason=unhandled action=none pc=0x000000010e9e2368 method=java.net.URLClassLoader.findClass(Ljava/lang/String;)Ljava/lang/Class; @ 44
Event: 202.140 Thread 0x00007ffa4d261800 Uncommon trap: reason=unhandled action=none pc=0x000000010e9e2368 method=java.net.URLClassLoader.findClass(Ljava/lang/String;)Ljava/lang/Class; @ 44
Event: 263.024 Thread 0x00007ffa4d261800 Uncommon trap: reason=unhandled action=none pc=0x000000010e9e2368 method=java.net.URLClassLoader.findClass(Ljava/lang/String;)Ljava/lang/Class; @ 44
Event: 263.024 Thread 0x00007ffa4d261800 Uncommon trap: reason=unstable_if action=reinterpret pc=0x000000010f42c9f8 method=org.h2.util.StringUtils.toUpperEnglish(Ljava/lang/String;)Ljava/lang/String; @ 6
Event: 263.027 Thread 0x00007ffa4d261800 Uncommon trap: reason=unhandled action=none pc=0x000000010e9e2368 method=java.net.URLClassLoader.findClass(Ljava/lang/String;)Ljava/lang/Class; @ 44
Event: 263.028 Thread 0x00007ffa4d261800 Uncommon trap: reason=unhandled action=none pc=0x000000010e9e2368 method=java.net.URLClassLoader.findClass(Ljava/lang/String;)Ljava/lang/Class; @ 44

Internal exceptions (10 events):
Event: 28.810 Thread 0x00007ffa4fb4e000 Exception <a 'java/lang/ArrayIndexOutOfBoundsException': 78> (0x000000076e5ec110) thrown at [/HUDSON3/workspace/8-2-build-macosx-x86_64/jdk8u73/6086/hotspot/src/share/vm/interpreter/interpreterRuntime.cpp, line 366]
Event: 28.811 Thread 0x00007ffa4fb4e000 Exception <a 'java/lang/ArrayIndexOutOfBoundsException': 139> (0x000000076e5f5ee8) thrown at [/HUDSON3/workspace/8-2-build-macosx-x86_64/jdk8u73/6086/hotspot/src/share/vm/interpreter/interpreterRuntime.cpp, line 366]
Event: 28.811 Thread 0x00007ffa4fb4e000 Exception <a 'java/lang/ArrayIndexOutOfBoundsException': 92> (0x000000076e5f79b0) thrown at [/HUDSON3/workspace/8-2-build-macosx-x86_64/jdk8u73/6086/hotspot/src/share/vm/interpreter/interpreterRuntime.cpp, line 366]
Event: 28.811 Thread 0x00007ffa4fb4e000 Exception <a 'java/lang/ArrayIndexOutOfBoundsException': 67> (0x000000076e600010) thrown at [/HUDSON3/workspace/8-2-build-macosx-x86_64/jdk8u73/6086/hotspot/src/share/vm/interpreter/interpreterRuntime.cpp, line 366]
Event: 47.498 Thread 0x00007ffa5509f800 Exception <a 'java/io/FileNotFoundException'> (0x000000076e2c98e0) thrown at [/HUDSON3/workspace/8-2-build-macosx-x86_64/jdk8u73/6086/hotspot/src/share/vm/prims/jni.cpp, line 709]
Event: 47.498 Thread 0x00007ffa5509f800 Exception <a 'java/io/FileNotFoundException'> (0x000000076e2ca848) thrown at [/HUDSON3/workspace/8-2-build-macosx-x86_64/jdk8u73/6086/hotspot/src/share/vm/prims/jni.cpp, line 709]
Event: 47.584 Thread 0x00007ffa4d261800 Exception <a 'java/lang/ArrayIndexOutOfBoundsException': 83> (0x000000076e3d2eb8) thrown at [/HUDSON3/workspace/8-2-build-macosx-x86_64/jdk8u73/6086/hotspot/src/share/vm/interpreter/interpreterRuntime.cpp, line 366]
Event: 47.591 Thread 0x00007ffa4d261800 Exception <a 'java/lang/ArrayIndexOutOfBoundsException': 101> (0x000000076e4200c0) thrown at [/HUDSON3/workspace/8-2-build-macosx-x86_64/jdk8u73/6086/hotspot/src/share/vm/interpreter/interpreterRuntime.cpp, line 366]
Event: 47.594 Thread 0x00007ffa4d261800 Exception <a 'java/lang/ArrayIndexOutOfBoundsException': 149> (0x000000076e440060) thrown at [/HUDSON3/workspace/8-2-build-macosx-x86_64/jdk8u73/6086/hotspot/src/share/vm/interpreter/interpreterRuntime.cpp, line 366]
Event: 47.594 Thread 0x00007ffa4d261800 Exception <a 'java/lang/ArrayIndexOutOfBoundsException': 61> (0x000000076e442fb0) thrown at [/HUDSON3/workspace/8-2-build-macosx-x86_64/jdk8u73/6086/hotspot/src/share/vm/interpreter/interpreterRuntime.cpp, line 366]

Events (10 events):
Event: 295.589 Executing VM operation: EnterInterpOnlyMode
Event: 295.589 Executing nested VM operation: Deoptimize
Event: 295.590 Executing nested VM operation: Deoptimize done
Event: 295.590 Executing VM operation: EnterInterpOnlyMode done
Event: 295.590 Executing VM operation: ChangeSingleStep
Event: 295.590 Executing VM operation: ChangeSingleStep done
Event: 295.590 Executing VM operation: ChangeSingleStep
Event: 295.590 Executing VM operation: ChangeSingleStep done
Event: 295.597 Executing VM operation: RedefineClasses
Event: 295.628 Executing VM operation: RedefineClasses done


Dynamic libraries:
0x0000000000d5b000 	/System/Library/Frameworks/Cocoa.framework/Versions/A/Cocoa
0x0000000000d5b000 	/System/Library/Frameworks/Security.framework/Versions/A/Security
0x0000000000d5b000 	/System/Library/Frameworks/ApplicationServices.framework/Versions/A/ApplicationServices
0x0000000000d5b000 	/usr/lib/libz.1.dylib
0x0000000000d5b000 	/usr/lib/libSystem.B.dylib
0x0000000000d5b000 	/usr/lib/libobjc.A.dylib
0x0000000000d5b000 	/System/Library/Frameworks/CoreFoundation.framework/Versions/A/CoreFoundation
0x0000000000d5b000 	/System/Library/Frameworks/Foundation.framework/Versions/C/Foundation
0x0000000000d5b000 	/System/Library/Frameworks/AppKit.framework/Versions/C/AppKit
0x0000000000d5b000 	/System/Library/Frameworks/CoreData.framework/Versions/A/CoreData
0x0000000000d5b000 	/System/Library/PrivateFrameworks/RemoteViewServices.framework/Versions/A/RemoteViewServices
0x0000000000d5b000 	/System/Library/PrivateFrameworks/UIFoundation.framework/Versions/A/UIFoundation
0x0000000000d5b000 	/System/Library/Frameworks/IOSurface.framework/Versions/A/IOSurface
0x0000000000d5b000 	/System/Library/Frameworks/AudioToolbox.framework/Versions/A/AudioToolbox
0x0000000000d5b000 	/System/Library/Frameworks/AudioUnit.framework/Versions/A/AudioUnit
0x0000000000d5b000 	/System/Library/PrivateFrameworks/DataDetectorsCore.framework/Versions/A/DataDetectorsCore
0x0000000000d5b000 	/System/Library/PrivateFrameworks/DesktopServicesPriv.framework/Versions/A/DesktopServicesPriv
0x0000000000d5b000 	/System/Library/Frameworks/Carbon.framework/Versions/A/Frameworks/HIToolbox.framework/Versions/A/HIToolbox
0x0000000000d5b000 	/System/Library/Frameworks/QuartzCore.framework/Versions/A/QuartzCore
0x0000000000d5b000 	/System/Library/Frameworks/Carbon.framework/Versions/A/Frameworks/SpeechRecognition.framework/Versions/A/SpeechRecognition
0x0000000000d5b000 	/usr/lib/libauto.dylib
0x0000000000d5b000 	/usr/lib/libicucore.A.dylib
0x0000000000d5b000 	/usr/lib/libxml2.2.dylib
0x0000000000d5b000 	/System/Library/PrivateFrameworks/CoreUI.framework/Versions/A/CoreUI
0x0000000000d5b000 	/System/Library/Frameworks/CoreAudio.framework/Versions/A/CoreAudio
0x0000000000d5b000 	/System/Library/Frameworks/DiskArbitration.framework/Versions/A/DiskArbitration
0x0000000000d5b000 	/usr/lib/liblangid.dylib
0x0000000000d5b000 	/System/Library/PrivateFrameworks/MultitouchSupport.framework/Versions/A/MultitouchSupport
0x0000000000d5b000 	/System/Library/Frameworks/IOKit.framework/Versions/A/IOKit
0x0000000000d5b000 	/usr/lib/libDiagnosticMessagesClient.dylib
0x0000000000d5b000 	/System/Library/Frameworks/CoreServices.framework/Versions/A/CoreServices
0x0000000000d5b000 	/System/Library/PrivateFrameworks/PerformanceAnalysis.framework/Versions/A/PerformanceAnalysis
0x0000000000d5b000 	/System/Library/PrivateFrameworks/GenerationalStorage.framework/Versions/A/GenerationalStorage
0x0000000000d5b000 	/System/Library/Frameworks/OpenGL.framework/Versions/A/OpenGL
0x0000000000d5b000 	/System/Library/PrivateFrameworks/Sharing.framework/Versions/A/Sharing
0x0000000000d5b000 	/System/Library/Frameworks/CoreGraphics.framework/Versions/A/CoreGraphics
0x0000000000d5b000 	/System/Library/Frameworks/CoreText.framework/Versions/A/CoreText
0x0000000000d5b000 	/System/Library/Frameworks/ImageIO.framework/Versions/A/ImageIO
0x0000000000d5b000 	/usr/lib/libextension.dylib
0x0000000000d5b000 	/System/Library/PrivateFrameworks/Backup.framework/Versions/A/Backup
0x0000000000d5b000 	/usr/lib/libarchive.2.dylib
0x0000000000d5b000 	/System/Library/Frameworks/CFNetwork.framework/Versions/A/CFNetwork
0x0000000000d5b000 	/System/Library/Frameworks/SystemConfiguration.framework/Versions/A/SystemConfiguration
0x0000000000d5b000 	/usr/lib/libCRFSuite.dylib
0x0000000000d5b000 	/usr/lib/libc++.1.dylib
0x0000000000d5b000 	/usr/lib/libc++abi.dylib
0x0000000000d5b000 	/usr/lib/system/libcache.dylib
0x0000000000d5b000 	/usr/lib/system/libcommonCrypto.dylib
0x0000000000d5b000 	/usr/lib/system/libcompiler_rt.dylib
0x0000000000d5b000 	/usr/lib/system/libcopyfile.dylib
0x0000000000d5b000 	/usr/lib/system/libcorecrypto.dylib
0x0000000000d5b000 	/usr/lib/system/libdispatch.dylib
0x0000000000d5b000 	/usr/lib/system/libdyld.dylib
0x0000000000d5b000 	/usr/lib/system/libkeymgr.dylib
0x0000000000d5b000 	/usr/lib/system/liblaunch.dylib
0x0000000000d5b000 	/usr/lib/system/libmacho.dylib
0x0000000000d5b000 	/usr/lib/system/libquarantine.dylib
0x0000000000d5b000 	/usr/lib/system/libremovefile.dylib
0x0000000000d5b000 	/usr/lib/system/libsystem_asl.dylib
0x0000000000d5b000 	/usr/lib/system/libsystem_blocks.dylib
0x0000000000d5b000 	/usr/lib/system/libsystem_c.dylib
0x0000000000d5b000 	/usr/lib/system/libsystem_configuration.dylib
0x0000000000d5b000 	/usr/lib/system/libsystem_coreservices.dylib
0x0000000000d5b000 	/usr/lib/system/libsystem_coretls.dylib
0x0000000000d5b000 	/usr/lib/system/libsystem_dnssd.dylib
0x0000000000d5b000 	/usr/lib/system/libsystem_info.dylib
0x0000000000d5b000 	/usr/lib/system/libsystem_kernel.dylib
0x0000000000d5b000 	/usr/lib/system/libsystem_m.dylib
0x0000000000d5b000 	/usr/lib/system/libsystem_malloc.dylib
0x0000000000d5b000 	/usr/lib/system/libsystem_network.dylib
0x0000000000d5b000 	/usr/lib/system/libsystem_networkextension.dylib
0x0000000000d5b000 	/usr/lib/system/libsystem_notify.dylib
0x0000000000d5b000 	/usr/lib/system/libsystem_platform.dylib
0x0000000000d5b000 	/usr/lib/system/libsystem_pthread.dylib
0x0000000000d5b000 	/usr/lib/system/libsystem_sandbox.dylib
0x0000000000d5b000 	/usr/lib/system/libsystem_secinit.dylib
0x0000000000d5b000 	/usr/lib/system/libsystem_stats.dylib
0x0000000000d5b000 	/usr/lib/system/libsystem_trace.dylib
0x0000000000d5b000 	/usr/lib/system/libunc.dylib
0x0000000000d5b000 	/usr/lib/system/libunwind.dylib
0x0000000000d5b000 	/usr/lib/system/libxpc.dylib
0x0000000000d5b000 	/usr/lib/libbz2.1.0.dylib
0x0000000000d5b000 	/usr/lib/liblzma.5.dylib
0x0000000000d5b000 	/usr/lib/libbsm.0.dylib
0x0000000000d5b000 	/usr/lib/libsqlite3.dylib
0x0000000000d5b000 	/usr/lib/system/libkxld.dylib
0x0000000000d5b000 	/usr/lib/libxar.1.dylib
0x0000000000d5b000 	/usr/lib/libpam.2.dylib
0x0000000000d5b000 	/usr/lib/libOpenScriptingUtil.dylib
0x0000000000d5b000 	/System/Library/Frameworks/CoreServices.framework/Versions/A/Frameworks/FSEvents.framework/Versions/A/FSEvents
0x0000000000d5b000 	/System/Library/Frameworks/CoreServices.framework/Versions/A/Frameworks/CarbonCore.framework/Versions/A/CarbonCore
0x0000000000d5b000 	/System/Library/Frameworks/CoreServices.framework/Versions/A/Frameworks/Metadata.framework/Versions/A/Metadata
0x0000000000d5b000 	/System/Library/Frameworks/CoreServices.framework/Versions/A/Frameworks/OSServices.framework/Versions/A/OSServices
0x0000000000d5b000 	/System/Library/Frameworks/CoreServices.framework/Versions/A/Frameworks/SearchKit.framework/Versions/A/SearchKit
0x0000000000d5b000 	/System/Library/Frameworks/CoreServices.framework/Versions/A/Frameworks/AE.framework/Versions/A/AE
0x0000000000d5b000 	/System/Library/Frameworks/CoreServices.framework/Versions/A/Frameworks/LaunchServices.framework/Versions/A/LaunchServices
0x0000000000d5b000 	/System/Library/Frameworks/CoreServices.framework/Versions/A/Frameworks/DictionaryServices.framework/Versions/A/DictionaryServices
0x0000000000d5b000 	/System/Library/Frameworks/NetFS.framework/Versions/A/NetFS
0x0000000000d5b000 	/System/Library/PrivateFrameworks/NetAuth.framework/Versions/A/NetAuth
0x0000000000d5b000 	/System/Library/PrivateFrameworks/login.framework/Versions/A/Frameworks/loginsupport.framework/Versions/A/loginsupport
0x0000000000d5b000 	/System/Library/PrivateFrameworks/TCC.framework/Versions/A/TCC
0x0000000000d5b000 	/usr/lib/libmecabra.dylib
0x0000000000d5b000 	/System/Library/Frameworks/ApplicationServices.framework/Versions/A/Frameworks/ATS.framework/Versions/A/ATS
0x0000000000d5b000 	/System/Library/Frameworks/ApplicationServices.framework/Versions/A/Frameworks/ColorSync.framework/Versions/A/ColorSync
0x0000000000d5b000 	/System/Library/Frameworks/ApplicationServices.framework/Versions/A/Frameworks/HIServices.framework/Versions/A/HIServices
0x0000000000d5b000 	/System/Library/Frameworks/ApplicationServices.framework/Versions/A/Frameworks/LangAnalysis.framework/Versions/A/LangAnalysis
0x0000000000d5b000 	/System/Library/Frameworks/ApplicationServices.framework/Versions/A/Frameworks/PrintCore.framework/Versions/A/PrintCore
0x0000000000d5b000 	/System/Library/Frameworks/ApplicationServices.framework/Versions/A/Frameworks/QD.framework/Versions/A/QD
0x0000000000d5b000 	/System/Library/Frameworks/ApplicationServices.framework/Versions/A/Frameworks/SpeechSynthesis.framework/Versions/A/SpeechSynthesis
0x0000000000d5b000 	/System/Library/Frameworks/Accelerate.framework/Versions/A/Accelerate
0x0000000000d5b000 	/System/Library/Frameworks/Accelerate.framework/Versions/A/Frameworks/vImage.framework/Versions/A/vImage
0x0000000000d5b000 	/System/Library/Frameworks/Accelerate.framework/Versions/A/Frameworks/vecLib.framework/Versions/A/vecLib
0x0000000000d5b000 	/System/Library/Frameworks/Accelerate.framework/Versions/A/Frameworks/vecLib.framework/Versions/A/libvDSP.dylib
0x0000000000d5b000 	/System/Library/Frameworks/Accelerate.framework/Versions/A/Frameworks/vecLib.framework/Versions/A/libvMisc.dylib
0x0000000000d5b000 	/System/Library/Frameworks/Accelerate.framework/Versions/A/Frameworks/vecLib.framework/Versions/A/libLAPACK.dylib
0x0000000000d5b000 	/System/Library/Frameworks/Accelerate.framework/Versions/A/Frameworks/vecLib.framework/Versions/A/libBLAS.dylib
0x0000000000d5b000 	/System/Library/Frameworks/Accelerate.framework/Versions/A/Frameworks/vecLib.framework/Versions/A/libLinearAlgebra.dylib
0x0000000000d5b000 	/System/Library/Frameworks/ApplicationServices.framework/Versions/A/Frameworks/ATS.framework/Versions/A/Resources/libFontParser.dylib
0x0000000000d5b000 	/System/Library/Frameworks/ApplicationServices.framework/Versions/A/Frameworks/ATS.framework/Versions/A/Resources/libFontRegistry.dylib
0x0000000000d5b000 	/System/Library/PrivateFrameworks/AppleVPA.framework/Versions/A/AppleVPA
0x0000000000d5b000 	/System/Library/PrivateFrameworks/AppleJPEG.framework/Versions/A/AppleJPEG
0x0000000000d5b000 	/System/Library/Frameworks/ImageIO.framework/Versions/A/Resources/libJPEG.dylib
0x0000000000d5b000 	/System/Library/Frameworks/ImageIO.framework/Versions/A/Resources/libTIFF.dylib
0x0000000000d5b000 	/System/Library/Frameworks/ImageIO.framework/Versions/A/Resources/libPng.dylib
0x0000000000d5b000 	/System/Library/Frameworks/ImageIO.framework/Versions/A/Resources/libGIF.dylib
0x0000000000d5b000 	/System/Library/Frameworks/ImageIO.framework/Versions/A/Resources/libJP2.dylib
0x0000000000d5b000 	/System/Library/Frameworks/ImageIO.framework/Versions/A/Resources/libRadiance.dylib
0x0000000000d5b000 	/System/Library/Frameworks/CoreVideo.framework/Versions/A/CoreVideo
0x0000000000d5b000 	/System/Library/Frameworks/OpenGL.framework/Versions/A/Libraries/libGLU.dylib
0x0000000000d5b000 	/System/Library/Frameworks/OpenGL.framework/Versions/A/Libraries/libGFXShared.dylib
0x0000000000d5b000 	/System/Library/Frameworks/OpenGL.framework/Versions/A/Libraries/libGL.dylib
0x0000000000d5b000 	/System/Library/Frameworks/OpenGL.framework/Versions/A/Libraries/libGLImage.dylib
0x0000000000d5b000 	/System/Library/Frameworks/OpenGL.framework/Versions/A/Libraries/libCVMSPluginSupport.dylib
0x0000000000d5b000 	/System/Library/Frameworks/OpenGL.framework/Versions/A/Libraries/libCoreVMClient.dylib
0x0000000000d5b000 	/usr/lib/libcups.2.dylib
0x0000000000d5b000 	/System/Library/Frameworks/Kerberos.framework/Versions/A/Kerberos
0x0000000000d5b000 	/System/Library/Frameworks/GSS.framework/Versions/A/GSS
0x0000000000d5b000 	/usr/lib/libresolv.9.dylib
0x0000000000d5b000 	/usr/lib/libiconv.2.dylib
0x0000000000d5b000 	/System/Library/PrivateFrameworks/Heimdal.framework/Versions/A/Heimdal
0x0000000000d5b000 	/usr/lib/libheimdal-asn1.dylib
0x0000000000d5b000 	/System/Library/Frameworks/OpenDirectory.framework/Versions/A/OpenDirectory
0x0000000000d5b000 	/System/Library/PrivateFrameworks/CommonAuth.framework/Versions/A/CommonAuth
0x0000000000d5b000 	/System/Library/Frameworks/OpenDirectory.framework/Versions/A/Frameworks/CFOpenDirectory.framework/Versions/A/CFOpenDirectory
0x0000000000d5b000 	/System/Library/Frameworks/SecurityFoundation.framework/Versions/A/SecurityFoundation
0x0000000000d5b000 	/System/Library/PrivateFrameworks/LanguageModeling.framework/Versions/A/LanguageModeling
0x0000000000d5b000 	/usr/lib/libcmph.dylib
0x0000000000d5b000 	/System/Library/Frameworks/ServiceManagement.framework/Versions/A/ServiceManagement
0x0000000000d5b000 	/usr/lib/libxslt.1.dylib
0x0000000000d5b000 	/System/Library/Frameworks/Carbon.framework/Versions/A/Frameworks/Ink.framework/Versions/A/Ink
0x0000000000d5b000 	/System/Library/Frameworks/QuartzCore.framework/Versions/A/Frameworks/CoreImage.framework/Versions/A/CoreImage
0x0000000000d5b000 	/System/Library/PrivateFrameworks/CrashReporterSupport.framework/Versions/A/CrashReporterSupport
0x0000000000d5b000 	/System/Library/Frameworks/OpenCL.framework/Versions/A/OpenCL
0x0000000000d5b000 	/System/Library/PrivateFrameworks/FaceCore.framework/Versions/A/FaceCore
0x0000000000d5b000 	/System/Library/PrivateFrameworks/Ubiquity.framework/Versions/A/Ubiquity
0x0000000000d5b000 	/System/Library/PrivateFrameworks/IconServices.framework/Versions/A/IconServices
0x0000000000d5b000 	/System/Library/PrivateFrameworks/ChunkingLibrary.framework/Versions/A/ChunkingLibrary
0x0000000000d5b000 	/System/Library/PrivateFrameworks/Apple80211.framework/Versions/A/Apple80211
0x0000000000d5b000 	/System/Library/Frameworks/CoreWLAN.framework/Versions/A/CoreWLAN
0x0000000000d5b000 	/System/Library/Frameworks/IOBluetooth.framework/Versions/A/IOBluetooth
0x0000000000d5b000 	/System/Library/PrivateFrameworks/CoreWiFi.framework/Versions/A/CoreWiFi
0x0000000000d5b000 	/System/Library/Frameworks/CoreBluetooth.framework/Versions/A/CoreBluetooth
0x0000000000d5b000 	/System/Library/PrivateFrameworks/DebugSymbols.framework/Versions/A/DebugSymbols
0x0000000000d5b000 	/System/Library/PrivateFrameworks/CoreSymbolication.framework/Versions/A/CoreSymbolication
0x0000000000d5b000 	/System/Library/PrivateFrameworks/Symbolication.framework/Versions/A/Symbolication
0x0000000000d5b000 	/System/Library/PrivateFrameworks/SpeechRecognitionCore.framework/Versions/A/SpeechRecognitionCore
0x000000010d800000 	/Library/Java/JavaVirtualMachines/jdk1.8.0_73.jdk/Contents/Home/jre/lib/server/libjvm.dylib
0x0000000000d5b000 	/usr/lib/libstdc++.6.dylib
0x000000010c736000 	/Library/Java/JavaVirtualMachines/jdk1.8.0_73.jdk/Contents/Home/jre/lib/libverify.dylib
0x000000010c744000 	/Library/Java/JavaVirtualMachines/jdk1.8.0_73.jdk/Contents/Home/jre/lib/libjava.dylib
0x000000010c77a000 	/Library/Java/JavaVirtualMachines/jdk1.8.0_73.jdk/Contents/Home/jre/lib/libjdwp.dylib
0x000000010c7c5000 	/Library/Java/JavaVirtualMachines/jdk1.8.0_73.jdk/Contents/Home/jre/lib/libnpt.dylib
0x000000010c7d2000 	/Library/Java/JavaVirtualMachines/jdk1.8.0_73.jdk/Contents/Home/jre/lib/libzip.dylib
0x000000012a446000 	/System/Library/Frameworks/JavaVM.framework/Frameworks/JavaRuntimeSupport.framework/JavaRuntimeSupport
0x000000012a45e000 	/System/Library/Frameworks/JavaVM.framework/Versions/A/Frameworks/JavaNativeFoundation.framework/Versions/A/JavaNativeFoundation
0x000000012a473000 	/System/Library/Frameworks/JavaVM.framework/Versions/A/JavaVM
0x0000000000d5b000 	/System/Library/Frameworks/Carbon.framework/Versions/A/Carbon
0x000000012a480000 	/System/Library/PrivateFrameworks/JavaLaunching.framework/Versions/A/JavaLaunching
0x0000000000d5b000 	/System/Library/Frameworks/Carbon.framework/Versions/A/Frameworks/CommonPanels.framework/Versions/A/CommonPanels
0x0000000000d5b000 	/System/Library/Frameworks/Carbon.framework/Versions/A/Frameworks/Help.framework/Versions/A/Help
0x0000000000d5b000 	/System/Library/Frameworks/Carbon.framework/Versions/A/Frameworks/ImageCapture.framework/Versions/A/ImageCapture
0x0000000000d5b000 	/System/Library/Frameworks/Carbon.framework/Versions/A/Frameworks/OpenScripting.framework/Versions/A/OpenScripting
0x0000000000d5b000 	/System/Library/Frameworks/Carbon.framework/Versions/A/Frameworks/Print.framework/Versions/A/Print
0x0000000000d5b000 	/System/Library/Frameworks/Carbon.framework/Versions/A/Frameworks/SecurityHI.framework/Versions/A/SecurityHI
0x000000012be6d000 	/Library/Java/JavaVirtualMachines/jdk1.8.0_73.jdk/Contents/Home/jre/lib/libdt_socket.dylib
0x000000012c99d000 	/Library/Java/JavaVirtualMachines/jdk1.8.0_73.jdk/Contents/Home/jre/lib/libmanagement.dylib
0x000000012c9e5000 	/Library/Java/JavaVirtualMachines/jdk1.8.0_73.jdk/Contents/Home/jre/lib/libnet.dylib
0x000000012cc0f000 	/Library/Java/JavaVirtualMachines/jdk1.8.0_73.jdk/Contents/Home/jre/lib/libnio.dylib

VM Arguments:
jvm_args: -agentlib:jdwp=transport=dt_socket,suspend=y,address=localhost:49343 -Dfile.encoding=UTF-8 
java_command: org.ws.web.ChallengeApplication
java_class_path (initial): /Users/ankur.saran/dev/challenge/challenge/bin:/Users/ankur.saran/.gradle/caches/modules-2/files-2.1/org.springframework.boot/spring-boot-starter-jdbc/1.4.4.RELEASE/fabd6c310535755ccfc2a844f463355c5e359c29/spring-boot-starter-jdbc-1.4.4.RELEASE.jar:/Users/ankur.saran/.gradle/caches/modules-2/files-2.1/commons-dbcp/commons-dbcp/1.4/30be73c965cc990b153a100aaaaafcf239f82d39/commons-dbcp-1.4.jar:/Users/ankur.saran/.gradle/caches/modules-2/files-2.1/org.springframework.boot/spring-boot-starter-security/1.4.4.RELEASE/3c89daa21778b4c8d2c76320e3320e25518c9394/spring-boot-starter-security-1.4.4.RELEASE.jar:/Users/ankur.saran/.gradle/caches/modules-2/files-2.1/org.springframework.boot/spring-boot-starter-web/1.4.4.RELEASE/66f844bd63c9a02b57d0eaebeb58a124cce9bba9/spring-boot-starter-web-1.4.4.RELEASE.jar:/Users/ankur.saran/.gradle/caches/modules-2/files-2.1/org.springframework.boot/spring-boot-devtools/1.4.4.RELEASE/23fc0debe869336f40bbfd9cb89cfcf7c9eca05f/spring-boot-devtools-1.4.4.RELEASE.jar:/Users/ankur.saran/.gradle/caches/modules-2/files-2.1/com.h2database/h2/1.4.193/369b51e2090c4e6714d9d5e42010b6330c2cea26/h2-1.4.193.jar:/Users/ankur.saran/.gradle/caches/modules-2/files-2.1/org.springframework.boot/spring-boot-starter-test/1.4.4.RELEASE/7598ceb4ddb2d3ed6bcb1f3f1344e15fbe14e0c8/spring-boot-starter-test-1.4.4.RELEASE.jar:/Users/ankur.saran/.gradle/caches/modules-2/files-2.1/org.springframework.boot/spring-boot-starter/1.4.4.RELEASE/71348c5eb769898f5fb43778cc3b2b41cd47ed85/spring-boot-starter-1.4.4.RELEASE.jar:/Users/ankur.saran/.gradle/caches/modules-2/files-2.1/org.apache.tomcat/tomcat-jdbc/8.5.11/4d156969f12963b5f9232e9fe68ab710c3318ad5/tomcat-jdbc-8.5.11.jar:/Users/ankur.saran/.gradle/caches/modules-2/files-2.1/org.springframework/spring-jdbc/4.3.6.RELEASE/6b7855cfbc636dff3d902f4f335fc69e7309d55c/spring-jdbc-4.3.6.RELEASE.jar:/Users/ankur.saran/.gradle/caches/modules-2/files-2.1/commons-pool/commons-pool/1.6/4572d589699f09d866a226a14b7f4323
Launcher Type: SUN_STANDARD

Environment Variables:
JAVA_HOME=/Library/Java/JavaVirtualMachines/jdk1.8.0_31.jdk/Contents/Home
PATH=/usr/local/bin:/usr/bin:/bin:/usr/sbin:/sbin:/usr/local/homebrew/Cellar/ant/1.9.4/libexec/bin:/Library/Java/JavaVirtualMachines/jdk1.8.0_31.jdk/Contents/Home/bin:/Users/ankur.saran/npm:/Users/ankur.saran/npm/lib/node_modules:/Users/ankur.saran/npm/lib
SHELL=/bin/bash

Signal Handlers:
SIGSEGV: [libjvm.dylib+0x5a71a5], sa_mask[0]=11111111011111110111111111111111, sa_flags=SA_ONSTACK|SA_RESTART|SA_SIGINFO
SIGBUS: [libjvm.dylib+0x5a71a5], sa_mask[0]=11111111011111110111111111111111, sa_flags=SA_RESTART|SA_SIGINFO
SIGFPE: [libjvm.dylib+0x480eb4], sa_mask[0]=11111111011111110111111111111111, sa_flags=SA_RESTART|SA_SIGINFO
SIGPIPE: [libjvm.dylib+0x480eb4], sa_mask[0]=11111111011111110111111111111111, sa_flags=SA_RESTART|SA_SIGINFO
SIGXFSZ: [libjvm.dylib+0x480eb4], sa_mask[0]=11111111011111110111111111111111, sa_flags=SA_RESTART|SA_SIGINFO
SIGILL: [libjvm.dylib+0x480eb4], sa_mask[0]=11111111011111110111111111111111, sa_flags=SA_RESTART|SA_SIGINFO
SIGUSR1: SIG_DFL, sa_mask[0]=00000000000000000000000000000000, sa_flags=none
SIGUSR2: [libjvm.dylib+0x4809d2], sa_mask[0]=00100000000000000000000000000000, sa_flags=SA_RESTART|SA_SIGINFO
SIGHUP: [libjvm.dylib+0x47efa9], sa_mask[0]=11111111011111110111111111111111, sa_flags=SA_RESTART|SA_SIGINFO
SIGINT: [libjvm.dylib+0x47efa9], sa_mask[0]=11111111011111110111111111111111, sa_flags=SA_RESTART|SA_SIGINFO
SIGTERM: [libjvm.dylib+0x47efa9], sa_mask[0]=11111111011111110111111111111111, sa_flags=SA_RESTART|SA_SIGINFO
SIGQUIT: [libjvm.dylib+0x47efa9], sa_mask[0]=11111111011111110111111111111111, sa_flags=SA_RESTART|SA_SIGINFO


---------------  S Y S T E M  ---------------

OS:Bsduname:Darwin 14.5.0 Darwin Kernel Version 14.5.0: Sun Sep 25 22:07:15 PDT 2016; root:xnu-2782.50.9~1/RELEASE_X86_64 x86_64
rlimit: STACK 8192k, CORE 0k, NPROC 709, NOFILE 10240, AS infinity
load average:2.02 2.64 2.58

CPU:total 8 (4 cores per cpu, 2 threads per core) family 6 model 70 stepping 1, cmov, cx8, fxsr, mmx, sse, sse2, sse3, ssse3, sse4.1, sse4.2, popcnt, avx, avx2, aes, clmul, erms, rtm, lzcnt, ht, tsc, tscinvbit, bmi1, bmi2

Memory: 4k page, physical 16777216k(44920k free)

/proc/meminfo:


vm_info: Java HotSpot(TM) 64-Bit Server VM (25.73-b02) for bsd-amd64 JRE (1.8.0_73-b02), built on Jan 29 2016 15:02:00 by "java_re" with gcc 4.2.1 (Based on Apple Inc. build 5658) (LLVM build 2336.11.00)

time: Mon May  1 22:27:40 2017
elapsed time: 295 seconds (0d 0h 4m 55s)

